"Severity","ThreadID","Date","Time","Application","Message"
"ERROR","http-nio-8080-exec-8","08/27/2016","23:44:27","",";Page /admin/resources/img/tp.gif.cfm [/usr/local/Cellar/tomcat/8.5.4/libexec/apps/lucee-4.5.3.018/WEB-INF/lucee/context/admin/resources/img/tp.gif.cfm] not found;Page /admin/resources/img/tp.gif.cfm [/usr/local/Cellar/tomcat/8.5.4/libexec/apps/lucee-4.5.3.018/WEB-INF/lucee/context/admin/resources/img/tp.gif.cfm] not found
	at lucee.runtime.PageSourceImpl.loadPage(PageSourceImpl.java:917):917
	at lucee.runtime.PageContextImpl.doInclude(PageContextImpl.java:950):950
	at lucee.runtime.PageContextImpl.doInclude(PageContextImpl.java:906):906
	at lucee.runtime.listener.ModernAppListener._onRequest(ModernAppListener.java:225):225
	at lucee.runtime.listener.ModernAppListener.onRequest(ModernAppListener.java:101):101
	at lucee.runtime.PageContextImpl.execute(PageContextImpl.java:2265):2265
	at lucee.runtime.PageContextImpl.execute(PageContextImpl.java:2228):2228
	at lucee.runtime.engine.CFMLEngineImpl.serviceCFML(CFMLEngineImpl.java:456):456
	at lucee.loader.servlet.CFMLServlet.service(CFMLServlet.java:47):47
	at javax.servlet.http.HttpServlet.service(HttpServlet.java:729):729
	at org.apache.catalina.core.ApplicationFilterChain.internalDoFilter(ApplicationFilterChain.java:230):230
	at org.apache.catalina.core.ApplicationFilterChain.doFilter(ApplicationFilterChain.java:165):165
	at org.apache.tomcat.websocket.server.WsFilter.doFilter(WsFilter.java:52):52
	at org.apache.catalina.core.ApplicationFilterChain.internalDoFilter(ApplicationFilterChain.java:192):192
	at org.apache.catalina.core.ApplicationFilterChain.doFilter(ApplicationFilterChain.java:165):165
	at org.apache.catalina.core.StandardWrapperValve.invoke(StandardWrapperValve.java:198):198
	at org.apache.catalina.core.StandardContextValve.invoke(StandardContextValve.java:108):108
	at org.apache.catalina.core.StandardHostValve.invoke(StandardHostValve.java:140):140
	at org.apache.catalina.valves.ErrorReportValve.invoke(ErrorReportValve.java:79):79
	at org.apache.catalina.valves.AbstractAccessLogValve.invoke(AbstractAccessLogValve.java:620):620
	at org.apache.catalina.core.StandardEngineValve.invoke(StandardEngineValve.java:87):87
	at org.apache.catalina.connector.CoyoteAdapter.service(CoyoteAdapter.java:349):349
	at org.apache.coyote.http11.Http11Processor.service(Http11Processor.java:1110):1110
	at org.apache.coyote.AbstractProcessorLight.process(AbstractProcessorLight.java:66):66
	at org.apache.coyote.AbstractProtocol$ConnectionHandler.process(AbstractProtocol.java:785):785
	at org.apache.tomcat.util.net.NioEndpoint$SocketProcessor.doRun(NioEndpoint.java:1425):1425
	at org.apache.tomcat.util.net.SocketProcessorBase.run(SocketProcessorBase.java:49):49
	at java.util.concurrent.ThreadPoolExecutor.runWorker(ThreadPoolExecutor.java:1142):1142
	at java.util.concurrent.ThreadPoolExecutor$Worker.run(ThreadPoolExecutor.java:617):617
	at org.apache.tomcat.util.threads.TaskThread$WrappingRunnable.run(TaskThread.java:61):61
	at java.lang.Thread.run(Thread.java:745):745
"
"ERROR","http-nio-8080-exec-8","08/27/2016","23:53:30","",";Page /admin/resources/img/tp.gif.cfm [/usr/local/Cellar/tomcat/8.5.4/libexec/apps/lucee-4.5.3.018/WEB-INF/lucee/context/admin/resources/img/tp.gif.cfm] not found;Page /admin/resources/img/tp.gif.cfm [/usr/local/Cellar/tomcat/8.5.4/libexec/apps/lucee-4.5.3.018/WEB-INF/lucee/context/admin/resources/img/tp.gif.cfm] not found
	at lucee.runtime.PageSourceImpl.loadPage(PageSourceImpl.java:917):917
	at lucee.runtime.PageContextImpl.doInclude(PageContextImpl.java:950):950
	at lucee.runtime.PageContextImpl.doInclude(PageContextImpl.java:906):906
	at lucee.runtime.listener.ModernAppListener._onRequest(ModernAppListener.java:225):225
	at lucee.runtime.listener.ModernAppListener.onRequest(ModernAppListener.java:101):101
	at lucee.runtime.PageContextImpl.execute(PageContextImpl.java:2265):2265
	at lucee.runtime.PageContextImpl.execute(PageContextImpl.java:2228):2228
	at lucee.runtime.engine.CFMLEngineImpl.serviceCFML(CFMLEngineImpl.java:456):456
	at lucee.loader.servlet.CFMLServlet.service(CFMLServlet.java:47):47
	at javax.servlet.http.HttpServlet.service(HttpServlet.java:729):729
	at org.apache.catalina.core.ApplicationFilterChain.internalDoFilter(ApplicationFilterChain.java:230):230
	at org.apache.catalina.core.ApplicationFilterChain.doFilter(ApplicationFilterChain.java:165):165
	at org.apache.tomcat.websocket.server.WsFilter.doFilter(WsFilter.java:52):52
	at org.apache.catalina.core.ApplicationFilterChain.internalDoFilter(ApplicationFilterChain.java:192):192
	at org.apache.catalina.core.ApplicationFilterChain.doFilter(ApplicationFilterChain.java:165):165
	at org.apache.catalina.core.StandardWrapperValve.invoke(StandardWrapperValve.java:198):198
	at org.apache.catalina.core.StandardContextValve.invoke(StandardContextValve.java:108):108
	at org.apache.catalina.core.StandardHostValve.invoke(StandardHostValve.java:140):140
	at org.apache.catalina.valves.ErrorReportValve.invoke(ErrorReportValve.java:79):79
	at org.apache.catalina.valves.AbstractAccessLogValve.invoke(AbstractAccessLogValve.java:620):620
	at org.apache.catalina.core.StandardEngineValve.invoke(StandardEngineValve.java:87):87
	at org.apache.catalina.connector.CoyoteAdapter.service(CoyoteAdapter.java:349):349
	at org.apache.coyote.http11.Http11Processor.service(Http11Processor.java:1110):1110
	at org.apache.coyote.AbstractProcessorLight.process(AbstractProcessorLight.java:66):66
	at org.apache.coyote.AbstractProtocol$ConnectionHandler.process(AbstractProtocol.java:785):785
	at org.apache.tomcat.util.net.NioEndpoint$SocketProcessor.doRun(NioEndpoint.java:1425):1425
	at org.apache.tomcat.util.net.SocketProcessorBase.run(SocketProcessorBase.java:49):49
	at java.util.concurrent.ThreadPoolExecutor.runWorker(ThreadPoolExecutor.java:1142):1142
	at java.util.concurrent.ThreadPoolExecutor$Worker.run(ThreadPoolExecutor.java:617):617
	at org.apache.tomcat.util.threads.TaskThread$WrappingRunnable.run(TaskThread.java:61):61
	at java.lang.Thread.run(Thread.java:745):745
"
"ERROR","http-nio-8080-exec-2","08/28/2016","19:54:06","",";Page /admin/resources/img/tp.gif.cfm [/usr/local/Cellar/tomcat/8.5.4/libexec/apps/lucee-4.5.3.018/WEB-INF/lucee/context/admin/resources/img/tp.gif.cfm] not found;Page /admin/resources/img/tp.gif.cfm [/usr/local/Cellar/tomcat/8.5.4/libexec/apps/lucee-4.5.3.018/WEB-INF/lucee/context/admin/resources/img/tp.gif.cfm] not found
	at lucee.runtime.PageSourceImpl.loadPage(PageSourceImpl.java:917):917
	at lucee.runtime.PageContextImpl.doInclude(PageContextImpl.java:950):950
	at lucee.runtime.PageContextImpl.doInclude(PageContextImpl.java:906):906
	at lucee.runtime.listener.ModernAppListener._onRequest(ModernAppListener.java:225):225
	at lucee.runtime.listener.ModernAppListener.onRequest(ModernAppListener.java:101):101
	at lucee.runtime.PageContextImpl.execute(PageContextImpl.java:2265):2265
	at lucee.runtime.PageContextImpl.execute(PageContextImpl.java:2228):2228
	at lucee.runtime.engine.CFMLEngineImpl.serviceCFML(CFMLEngineImpl.java:456):456
	at lucee.loader.servlet.CFMLServlet.service(CFMLServlet.java:47):47
	at javax.servlet.http.HttpServlet.service(HttpServlet.java:729):729
	at org.apache.catalina.core.ApplicationFilterChain.internalDoFilter(ApplicationFilterChain.java:230):230
	at org.apache.catalina.core.ApplicationFilterChain.doFilter(ApplicationFilterChain.java:165):165
	at org.apache.tomcat.websocket.server.WsFilter.doFilter(WsFilter.java:52):52
	at org.apache.catalina.core.ApplicationFilterChain.internalDoFilter(ApplicationFilterChain.java:192):192
	at org.apache.catalina.core.ApplicationFilterChain.doFilter(ApplicationFilterChain.java:165):165
	at org.apache.catalina.core.StandardWrapperValve.invoke(StandardWrapperValve.java:198):198
	at org.apache.catalina.core.StandardContextValve.invoke(StandardContextValve.java:108):108
	at org.apache.catalina.core.StandardHostValve.invoke(StandardHostValve.java:140):140
	at org.apache.catalina.valves.ErrorReportValve.invoke(ErrorReportValve.java:79):79
	at org.apache.catalina.valves.AbstractAccessLogValve.invoke(AbstractAccessLogValve.java:620):620
	at org.apache.catalina.core.StandardEngineValve.invoke(StandardEngineValve.java:87):87
	at org.apache.catalina.connector.CoyoteAdapter.service(CoyoteAdapter.java:349):349
	at org.apache.coyote.http11.Http11Processor.service(Http11Processor.java:1110):1110
	at org.apache.coyote.AbstractProcessorLight.process(AbstractProcessorLight.java:66):66
	at org.apache.coyote.AbstractProtocol$ConnectionHandler.process(AbstractProtocol.java:785):785
	at org.apache.tomcat.util.net.NioEndpoint$SocketProcessor.doRun(NioEndpoint.java:1425):1425
	at org.apache.tomcat.util.net.SocketProcessorBase.run(SocketProcessorBase.java:49):49
	at java.util.concurrent.ThreadPoolExecutor.runWorker(ThreadPoolExecutor.java:1142):1142
	at java.util.concurrent.ThreadPoolExecutor$Worker.run(ThreadPoolExecutor.java:617):617
	at org.apache.tomcat.util.threads.TaskThread$WrappingRunnable.run(TaskThread.java:61):61
	at java.lang.Thread.run(Thread.java:745):745
"
"ERROR","http-nio-8080-exec-7","08/30/2016","13:55:40","",";Page /admin/resources/img/tp.gif.cfm [/usr/local/Cellar/tomcat/8.5.4/libexec/apps/lucee-4.5.3.018/WEB-INF/lucee/context/admin/resources/img/tp.gif.cfm] not found;Page /admin/resources/img/tp.gif.cfm [/usr/local/Cellar/tomcat/8.5.4/libexec/apps/lucee-4.5.3.018/WEB-INF/lucee/context/admin/resources/img/tp.gif.cfm] not found
	at lucee.runtime.PageSourceImpl.loadPage(PageSourceImpl.java:917):917
	at lucee.runtime.PageContextImpl.doInclude(PageContextImpl.java:950):950
	at lucee.runtime.PageContextImpl.doInclude(PageContextImpl.java:906):906
	at lucee.runtime.listener.ModernAppListener._onRequest(ModernAppListener.java:225):225
	at lucee.runtime.listener.ModernAppListener.onRequest(ModernAppListener.java:101):101
	at lucee.runtime.PageContextImpl.execute(PageContextImpl.java:2265):2265
	at lucee.runtime.PageContextImpl.execute(PageContextImpl.java:2228):2228
	at lucee.runtime.engine.CFMLEngineImpl.serviceCFML(CFMLEngineImpl.java:456):456
	at lucee.loader.servlet.CFMLServlet.service(CFMLServlet.java:47):47
	at javax.servlet.http.HttpServlet.service(HttpServlet.java:729):729
	at org.apache.catalina.core.ApplicationFilterChain.internalDoFilter(ApplicationFilterChain.java:230):230
	at org.apache.catalina.core.ApplicationFilterChain.doFilter(ApplicationFilterChain.java:165):165
	at org.apache.tomcat.websocket.server.WsFilter.doFilter(WsFilter.java:52):52
	at org.apache.catalina.core.ApplicationFilterChain.internalDoFilter(ApplicationFilterChain.java:192):192
	at org.apache.catalina.core.ApplicationFilterChain.doFilter(ApplicationFilterChain.java:165):165
	at org.apache.catalina.core.StandardWrapperValve.invoke(StandardWrapperValve.java:198):198
	at org.apache.catalina.core.StandardContextValve.invoke(StandardContextValve.java:108):108
	at org.apache.catalina.core.StandardHostValve.invoke(StandardHostValve.java:140):140
	at org.apache.catalina.valves.ErrorReportValve.invoke(ErrorReportValve.java:79):79
	at org.apache.catalina.valves.AbstractAccessLogValve.invoke(AbstractAccessLogValve.java:620):620
	at org.apache.catalina.core.StandardEngineValve.invoke(StandardEngineValve.java:87):87
	at org.apache.catalina.connector.CoyoteAdapter.service(CoyoteAdapter.java:349):349
	at org.apache.coyote.http11.Http11Processor.service(Http11Processor.java:1110):1110
	at org.apache.coyote.AbstractProcessorLight.process(AbstractProcessorLight.java:66):66
	at org.apache.coyote.AbstractProtocol$ConnectionHandler.process(AbstractProtocol.java:785):785
	at org.apache.tomcat.util.net.NioEndpoint$SocketProcessor.doRun(NioEndpoint.java:1425):1425
	at org.apache.tomcat.util.net.SocketProcessorBase.run(SocketProcessorBase.java:49):49
	at java.util.concurrent.ThreadPoolExecutor.runWorker(ThreadPoolExecutor.java:1142):1142
	at java.util.concurrent.ThreadPoolExecutor$Worker.run(ThreadPoolExecutor.java:617):617
	at org.apache.tomcat.util.threads.TaskThread$WrappingRunnable.run(TaskThread.java:61):61
	at java.lang.Thread.run(Thread.java:745):745
"
"ERROR","http-nio-8080-exec-7","09/06/2016","22:32:12","",";Directory http://localhost:8080/tests/findPivotIndexServiceTest.cfc does not exist;Directory http://localhost:8080/tests/findPivotIndexServiceTest.cfc does not exist
	at mxunit.runner.directorytestsuite_cfc$cf.udfCall(/usr/local/Cellar/tomcat/8.5.4/libexec/apps/testProject/mxunit/runner/DirectoryTestSuite.cfc:134):134
	at lucee.runtime.type.UDFImpl.implementation(UDFImpl.java:111):111
	at lucee.runtime.type.UDFImpl._call(UDFImpl.java:328):328
	at lucee.runtime.type.UDFImpl.call(UDFImpl.java:229):229
	at lucee.runtime.type.scope.UndefinedImpl.call(UndefinedImpl.java:766):766
	at lucee.runtime.util.VariableUtilImpl.callFunctionWithoutNamedValues(VariableUtilImpl.java:743):743
	at lucee.runtime.PageContextImpl.getFunction(PageContextImpl.java:1593):1593
	at mxunit.runner.directorytestsuite_cfc$cf.udfCall(/usr/local/Cellar/tomcat/8.5.4/libexec/apps/testProject/mxunit/runner/DirectoryTestSuite.cfc:19):19
	at lucee.runtime.type.UDFImpl.implementation(UDFImpl.java:111):111
	at lucee.runtime.type.UDFImpl._call(UDFImpl.java:328):328
	at lucee.runtime.type.UDFImpl.call(UDFImpl.java:229):229
	at lucee.runtime.ComponentImpl._call(ComponentImpl.java:642):642
	at lucee.runtime.ComponentImpl._call(ComponentImpl.java:524):524
	at lucee.runtime.ComponentImpl.call(ComponentImpl.java:1761):1761
	at lucee.runtime.util.VariableUtilImpl.callFunctionWithoutNamedValues(VariableUtilImpl.java:743):743
	at lucee.runtime.PageContextImpl.getFunction(PageContextImpl.java:1593):1593
	at mxunit.runner.htmlrunner_cfc$cf.udfCall(/usr/local/Cellar/tomcat/8.5.4/libexec/apps/testProject/mxunit/runner/HtmlRunner.cfc:22):22
	at lucee.runtime.type.UDFImpl.implementation(UDFImpl.java:111):111
	at lucee.runtime.type.UDFImpl._call(UDFImpl.java:328):328
	at lucee.runtime.type.UDFImpl.callWithNamedValues(UDFImpl.java:216):216
	at lucee.runtime.ComponentImpl._call(ComponentImpl.java:643):643
	at lucee.runtime.ComponentImpl._call(ComponentImpl.java:524):524
	at lucee.runtime.ComponentImpl.callWithNamedValues(ComponentImpl.java:1774):1774
	at lucee.runtime.tag.Invoke.doComponent(Invoke.java:221):221
	at lucee.runtime.tag.Invoke.doEndTag(Invoke.java:194):194
	at mxunit.runner.index_cfm$cf.call(/usr/local/Cellar/tomcat/8.5.4/libexec/apps/testProject/mxunit/runner/index.cfm:47):47
	at lucee.runtime.PageContextImpl.doInclude(PageContextImpl.java:954):954
	at lucee.runtime.PageContextImpl.doInclude(PageContextImpl.java:906):906
	at lucee.runtime.listener.ModernAppListener._onRequest(ModernAppListener.java:225):225
	at lucee.runtime.listener.MixedAppListener.onRequest(MixedAppListener.java:37):37
	at lucee.runtime.PageContextImpl.execute(PageContextImpl.java:2265):2265
	at lucee.runtime.PageContextImpl.execute(PageContextImpl.java:2228):2228
	at lucee.runtime.engine.CFMLEngineImpl.serviceCFML(CFMLEngineImpl.java:456):456
	at lucee.loader.servlet.CFMLServlet.service(CFMLServlet.java:47):47
	at javax.servlet.http.HttpServlet.service(HttpServlet.java:729):729
	at org.apache.catalina.core.ApplicationFilterChain.internalDoFilter(ApplicationFilterChain.java:230):230
	at org.apache.catalina.core.ApplicationFilterChain.doFilter(ApplicationFilterChain.java:165):165
	at org.apache.tomcat.websocket.server.WsFilter.doFilter(WsFilter.java:52):52
	at org.apache.catalina.core.ApplicationFilterChain.internalDoFilter(ApplicationFilterChain.java:192):192
	at org.apache.catalina.core.ApplicationFilterChain.doFilter(ApplicationFilterChain.java:165):165
	at org.apache.catalina.core.StandardWrapperValve.invoke(StandardWrapperValve.java:198):198
	at org.apache.catalina.core.StandardContextValve.invoke(StandardContextValve.java:108):108
	at org.apache.catalina.core.StandardHostValve.invoke(StandardHostValve.java:140):140
	at org.apache.catalina.valves.ErrorReportValve.invoke(ErrorReportValve.java:79):79
	at org.apache.catalina.valves.AbstractAccessLogValve.invoke(AbstractAccessLogValve.java:620):620
	at org.apache.catalina.core.StandardEngineValve.invoke(StandardEngineValve.java:87):87
	at org.apache.catalina.connector.CoyoteAdapter.service(CoyoteAdapter.java:349):349
	at org.apache.coyote.http11.Http11Processor.service(Http11Processor.java:1110):1110
	at org.apache.coyote.AbstractProcessorLight.process(AbstractProcessorLight.java:66):66
	at org.apache.coyote.AbstractProtocol$ConnectionHandler.process(AbstractProtocol.java:785):785
	at org.apache.tomcat.util.net.NioEndpoint$SocketProcessor.doRun(NioEndpoint.java:1425):1425
	at org.apache.tomcat.util.net.SocketProcessorBase.run(SocketProcessorBase.java:49):49
	at java.util.concurrent.ThreadPoolExecutor.runWorker(ThreadPoolExecutor.java:1142):1142
	at java.util.concurrent.ThreadPoolExecutor$Worker.run(ThreadPoolExecutor.java:617):617
	at org.apache.tomcat.util.threads.TaskThread$WrappingRunnable.run(TaskThread.java:61):61
	at java.lang.Thread.run(Thread.java:745):745
"
"ERROR","http-nio-8080-exec-10","09/06/2016","22:32:34","",";Directory http://localhost:8080/tests/findPivotIndexServiceTest.cfc does not exist;Directory http://localhost:8080/tests/findPivotIndexServiceTest.cfc does not exist
	at mxunit.runner.directorytestsuite_cfc$cf.udfCall(/usr/local/Cellar/tomcat/8.5.4/libexec/apps/testProject/mxunit/runner/DirectoryTestSuite.cfc:134):134
	at lucee.runtime.type.UDFImpl.implementation(UDFImpl.java:111):111
	at lucee.runtime.type.UDFImpl._call(UDFImpl.java:328):328
	at lucee.runtime.type.UDFImpl.call(UDFImpl.java:229):229
	at lucee.runtime.type.scope.UndefinedImpl.call(UndefinedImpl.java:766):766
	at lucee.runtime.util.VariableUtilImpl.callFunctionWithoutNamedValues(VariableUtilImpl.java:743):743
	at lucee.runtime.PageContextImpl.getFunction(PageContextImpl.java:1593):1593
	at mxunit.runner.directorytestsuite_cfc$cf.udfCall(/usr/local/Cellar/tomcat/8.5.4/libexec/apps/testProject/mxunit/runner/DirectoryTestSuite.cfc:19):19
	at lucee.runtime.type.UDFImpl.implementation(UDFImpl.java:111):111
	at lucee.runtime.type.UDFImpl._call(UDFImpl.java:328):328
	at lucee.runtime.type.UDFImpl.call(UDFImpl.java:229):229
	at lucee.runtime.ComponentImpl._call(ComponentImpl.java:642):642
	at lucee.runtime.ComponentImpl._call(ComponentImpl.java:524):524
	at lucee.runtime.ComponentImpl.call(ComponentImpl.java:1761):1761
	at lucee.runtime.util.VariableUtilImpl.callFunctionWithoutNamedValues(VariableUtilImpl.java:743):743
	at lucee.runtime.PageContextImpl.getFunction(PageContextImpl.java:1593):1593
	at mxunit.runner.htmlrunner_cfc$cf.udfCall(/usr/local/Cellar/tomcat/8.5.4/libexec/apps/testProject/mxunit/runner/HtmlRunner.cfc:22):22
	at lucee.runtime.type.UDFImpl.implementation(UDFImpl.java:111):111
	at lucee.runtime.type.UDFImpl._call(UDFImpl.java:328):328
	at lucee.runtime.type.UDFImpl.callWithNamedValues(UDFImpl.java:216):216
	at lucee.runtime.ComponentImpl._call(ComponentImpl.java:643):643
	at lucee.runtime.ComponentImpl._call(ComponentImpl.java:524):524
	at lucee.runtime.ComponentImpl.callWithNamedValues(ComponentImpl.java:1774):1774
	at lucee.runtime.tag.Invoke.doComponent(Invoke.java:221):221
	at lucee.runtime.tag.Invoke.doEndTag(Invoke.java:194):194
	at mxunit.runner.index_cfm$cf.call(/usr/local/Cellar/tomcat/8.5.4/libexec/apps/testProject/mxunit/runner/index.cfm:47):47
	at lucee.runtime.PageContextImpl.doInclude(PageContextImpl.java:954):954
	at lucee.runtime.PageContextImpl.doInclude(PageContextImpl.java:906):906
	at lucee.runtime.listener.ModernAppListener._onRequest(ModernAppListener.java:225):225
	at lucee.runtime.listener.MixedAppListener.onRequest(MixedAppListener.java:37):37
	at lucee.runtime.PageContextImpl.execute(PageContextImpl.java:2265):2265
	at lucee.runtime.PageContextImpl.execute(PageContextImpl.java:2228):2228
	at lucee.runtime.engine.CFMLEngineImpl.serviceCFML(CFMLEngineImpl.java:456):456
	at lucee.loader.servlet.CFMLServlet.service(CFMLServlet.java:47):47
	at javax.servlet.http.HttpServlet.service(HttpServlet.java:729):729
	at org.apache.catalina.core.ApplicationFilterChain.internalDoFilter(ApplicationFilterChain.java:230):230
	at org.apache.catalina.core.ApplicationFilterChain.doFilter(ApplicationFilterChain.java:165):165
	at org.apache.tomcat.websocket.server.WsFilter.doFilter(WsFilter.java:52):52
	at org.apache.catalina.core.ApplicationFilterChain.internalDoFilter(ApplicationFilterChain.java:192):192
	at org.apache.catalina.core.ApplicationFilterChain.doFilter(ApplicationFilterChain.java:165):165
	at org.apache.catalina.core.StandardWrapperValve.invoke(StandardWrapperValve.java:198):198
	at org.apache.catalina.core.StandardContextValve.invoke(StandardContextValve.java:108):108
	at org.apache.catalina.core.StandardHostValve.invoke(StandardHostValve.java:140):140
	at org.apache.catalina.valves.ErrorReportValve.invoke(ErrorReportValve.java:79):79
	at org.apache.catalina.valves.AbstractAccessLogValve.invoke(AbstractAccessLogValve.java:620):620
	at org.apache.catalina.core.StandardEngineValve.invoke(StandardEngineValve.java:87):87
	at org.apache.catalina.connector.CoyoteAdapter.service(CoyoteAdapter.java:349):349
	at org.apache.coyote.http11.Http11Processor.service(Http11Processor.java:1110):1110
	at org.apache.coyote.AbstractProcessorLight.process(AbstractProcessorLight.java:66):66
	at org.apache.coyote.AbstractProtocol$ConnectionHandler.process(AbstractProtocol.java:785):785
	at org.apache.tomcat.util.net.NioEndpoint$SocketProcessor.doRun(NioEndpoint.java:1425):1425
	at org.apache.tomcat.util.net.SocketProcessorBase.run(SocketProcessorBase.java:49):49
	at java.util.concurrent.ThreadPoolExecutor.runWorker(ThreadPoolExecutor.java:1142):1142
	at java.util.concurrent.ThreadPoolExecutor$Worker.run(ThreadPoolExecutor.java:617):617
	at org.apache.tomcat.util.threads.TaskThread$WrappingRunnable.run(TaskThread.java:61):61
	at java.lang.Thread.run(Thread.java:745):745
"
"ERROR","http-nio-8080-exec-7","09/06/2016","22:32:44","",";Page /tests/index.cfm [/usr/local/Cellar/tomcat/8.5.4/libexec/apps/testProject/tests/index.cfm] not found;Page /tests/index.cfm [/usr/local/Cellar/tomcat/8.5.4/libexec/apps/testProject/tests/index.cfm] not found
	at lucee.runtime.PageSourceImpl.loadPage(PageSourceImpl.java:917):917
	at lucee.runtime.PageContextImpl.doInclude(PageContextImpl.java:950):950
	at lucee.runtime.PageContextImpl.doInclude(PageContextImpl.java:906):906
	at lucee.runtime.listener.ModernAppListener._onRequest(ModernAppListener.java:225):225
	at lucee.runtime.listener.MixedAppListener.onRequest(MixedAppListener.java:37):37
	at lucee.runtime.PageContextImpl.execute(PageContextImpl.java:2265):2265
	at lucee.runtime.PageContextImpl.execute(PageContextImpl.java:2228):2228
	at lucee.runtime.engine.CFMLEngineImpl.serviceCFML(CFMLEngineImpl.java:456):456
	at lucee.loader.servlet.CFMLServlet.service(CFMLServlet.java:47):47
	at javax.servlet.http.HttpServlet.service(HttpServlet.java:729):729
	at org.apache.catalina.core.ApplicationFilterChain.internalDoFilter(ApplicationFilterChain.java:230):230
	at org.apache.catalina.core.ApplicationFilterChain.doFilter(ApplicationFilterChain.java:165):165
	at org.apache.tomcat.websocket.server.WsFilter.doFilter(WsFilter.java:52):52
	at org.apache.catalina.core.ApplicationFilterChain.internalDoFilter(ApplicationFilterChain.java:192):192
	at org.apache.catalina.core.ApplicationFilterChain.doFilter(ApplicationFilterChain.java:165):165
	at org.apache.catalina.core.StandardWrapperValve.invoke(StandardWrapperValve.java:198):198
	at org.apache.catalina.core.StandardContextValve.invoke(StandardContextValve.java:108):108
	at org.apache.catalina.core.StandardHostValve.invoke(StandardHostValve.java:140):140
	at org.apache.catalina.valves.ErrorReportValve.invoke(ErrorReportValve.java:79):79
	at org.apache.catalina.valves.AbstractAccessLogValve.invoke(AbstractAccessLogValve.java:620):620
	at org.apache.catalina.core.StandardEngineValve.invoke(StandardEngineValve.java:87):87
	at org.apache.catalina.connector.CoyoteAdapter.service(CoyoteAdapter.java:349):349
	at org.apache.coyote.http11.Http11Processor.service(Http11Processor.java:1110):1110
	at org.apache.coyote.AbstractProcessorLight.process(AbstractProcessorLight.java:66):66
	at org.apache.coyote.AbstractProtocol$ConnectionHandler.process(AbstractProtocol.java:785):785
	at org.apache.tomcat.util.net.NioEndpoint$SocketProcessor.doRun(NioEndpoint.java:1425):1425
	at org.apache.tomcat.util.net.SocketProcessorBase.run(SocketProcessorBase.java:49):49
	at java.util.concurrent.ThreadPoolExecutor.runWorker(ThreadPoolExecutor.java:1142):1142
	at java.util.concurrent.ThreadPoolExecutor$Worker.run(ThreadPoolExecutor.java:617):617
	at org.apache.tomcat.util.threads.TaskThread$WrappingRunnable.run(TaskThread.java:61):61
	at java.lang.Thread.run(Thread.java:745):745
"
"ERROR","http-nio-8080-exec-1","09/06/2016","22:32:44","",";Page /tests/index.cfm [/usr/local/Cellar/tomcat/8.5.4/libexec/apps/testProject/tests/index.cfm] not found;Page /tests/index.cfm [/usr/local/Cellar/tomcat/8.5.4/libexec/apps/testProject/tests/index.cfm] not found
	at lucee.runtime.PageSourceImpl.loadPage(PageSourceImpl.java:917):917
	at lucee.runtime.PageContextImpl.doInclude(PageContextImpl.java:950):950
	at lucee.runtime.PageContextImpl.doInclude(PageContextImpl.java:906):906
	at lucee.runtime.listener.ModernAppListener._onRequest(ModernAppListener.java:225):225
	at lucee.runtime.listener.MixedAppListener.onRequest(MixedAppListener.java:37):37
	at lucee.runtime.PageContextImpl.execute(PageContextImpl.java:2265):2265
	at lucee.runtime.PageContextImpl.execute(PageContextImpl.java:2228):2228
	at lucee.runtime.engine.CFMLEngineImpl.serviceCFML(CFMLEngineImpl.java:456):456
	at lucee.loader.servlet.CFMLServlet.service(CFMLServlet.java:47):47
	at javax.servlet.http.HttpServlet.service(HttpServlet.java:729):729
	at org.apache.catalina.core.ApplicationFilterChain.internalDoFilter(ApplicationFilterChain.java:230):230
	at org.apache.catalina.core.ApplicationFilterChain.doFilter(ApplicationFilterChain.java:165):165
	at org.apache.tomcat.websocket.server.WsFilter.doFilter(WsFilter.java:52):52
	at org.apache.catalina.core.ApplicationFilterChain.internalDoFilter(ApplicationFilterChain.java:192):192
	at org.apache.catalina.core.ApplicationFilterChain.doFilter(ApplicationFilterChain.java:165):165
	at org.apache.catalina.core.StandardWrapperValve.invoke(StandardWrapperValve.java:198):198
	at org.apache.catalina.core.StandardContextValve.invoke(StandardContextValve.java:108):108
	at org.apache.catalina.core.StandardHostValve.invoke(StandardHostValve.java:140):140
	at org.apache.catalina.valves.ErrorReportValve.invoke(ErrorReportValve.java:79):79
	at org.apache.catalina.valves.AbstractAccessLogValve.invoke(AbstractAccessLogValve.java:620):620
	at org.apache.catalina.core.StandardEngineValve.invoke(StandardEngineValve.java:87):87
	at org.apache.catalina.connector.CoyoteAdapter.service(CoyoteAdapter.java:349):349
	at org.apache.coyote.http11.Http11Processor.service(Http11Processor.java:1110):1110
	at org.apache.coyote.AbstractProcessorLight.process(AbstractProcessorLight.java:66):66
	at org.apache.coyote.AbstractProtocol$ConnectionHandler.process(AbstractProtocol.java:785):785
	at org.apache.tomcat.util.net.NioEndpoint$SocketProcessor.doRun(NioEndpoint.java:1425):1425
	at org.apache.tomcat.util.net.SocketProcessorBase.run(SocketProcessorBase.java:49):49
	at java.util.concurrent.ThreadPoolExecutor.runWorker(ThreadPoolExecutor.java:1142):1142
	at java.util.concurrent.ThreadPoolExecutor$Worker.run(ThreadPoolExecutor.java:617):617
	at org.apache.tomcat.util.threads.TaskThread$WrappingRunnable.run(TaskThread.java:61):61
	at java.lang.Thread.run(Thread.java:745):745
"
"ERROR","http-nio-8080-exec-4","09/06/2016","22:32:44","",";Directory http://localhost:8080/tests/ does not exist;Directory http://localhost:8080/tests/ does not exist
	at mxunit.runner.directorytestsuite_cfc$cf.udfCall(/usr/local/Cellar/tomcat/8.5.4/libexec/apps/testProject/mxunit/runner/DirectoryTestSuite.cfc:134):134
	at lucee.runtime.type.UDFImpl.implementation(UDFImpl.java:111):111
	at lucee.runtime.type.UDFImpl._call(UDFImpl.java:328):328
	at lucee.runtime.type.UDFImpl.call(UDFImpl.java:229):229
	at lucee.runtime.type.scope.UndefinedImpl.call(UndefinedImpl.java:766):766
	at lucee.runtime.util.VariableUtilImpl.callFunctionWithoutNamedValues(VariableUtilImpl.java:743):743
	at lucee.runtime.PageContextImpl.getFunction(PageContextImpl.java:1593):1593
	at mxunit.runner.directorytestsuite_cfc$cf.udfCall(/usr/local/Cellar/tomcat/8.5.4/libexec/apps/testProject/mxunit/runner/DirectoryTestSuite.cfc:19):19
	at lucee.runtime.type.UDFImpl.implementation(UDFImpl.java:111):111
	at lucee.runtime.type.UDFImpl._call(UDFImpl.java:328):328
	at lucee.runtime.type.UDFImpl.call(UDFImpl.java:229):229
	at lucee.runtime.ComponentImpl._call(ComponentImpl.java:642):642
	at lucee.runtime.ComponentImpl._call(ComponentImpl.java:524):524
	at lucee.runtime.ComponentImpl.call(ComponentImpl.java:1761):1761
	at lucee.runtime.util.VariableUtilImpl.callFunctionWithoutNamedValues(VariableUtilImpl.java:743):743
	at lucee.runtime.PageContextImpl.getFunction(PageContextImpl.java:1593):1593
	at mxunit.runner.htmlrunner_cfc$cf.udfCall(/usr/local/Cellar/tomcat/8.5.4/libexec/apps/testProject/mxunit/runner/HtmlRunner.cfc:22):22
	at lucee.runtime.type.UDFImpl.implementation(UDFImpl.java:111):111
	at lucee.runtime.type.UDFImpl._call(UDFImpl.java:328):328
	at lucee.runtime.type.UDFImpl.callWithNamedValues(UDFImpl.java:216):216
	at lucee.runtime.ComponentImpl._call(ComponentImpl.java:643):643
	at lucee.runtime.ComponentImpl._call(ComponentImpl.java:524):524
	at lucee.runtime.ComponentImpl.callWithNamedValues(ComponentImpl.java:1774):1774
	at lucee.runtime.tag.Invoke.doComponent(Invoke.java:221):221
	at lucee.runtime.tag.Invoke.doEndTag(Invoke.java:194):194
	at mxunit.runner.index_cfm$cf.call(/usr/local/Cellar/tomcat/8.5.4/libexec/apps/testProject/mxunit/runner/index.cfm:47):47
	at lucee.runtime.PageContextImpl.doInclude(PageContextImpl.java:954):954
	at lucee.runtime.PageContextImpl.doInclude(PageContextImpl.java:906):906
	at lucee.runtime.listener.ModernAppListener._onRequest(ModernAppListener.java:225):225
	at lucee.runtime.listener.MixedAppListener.onRequest(MixedAppListener.java:37):37
	at lucee.runtime.PageContextImpl.execute(PageContextImpl.java:2265):2265
	at lucee.runtime.PageContextImpl.execute(PageContextImpl.java:2228):2228
	at lucee.runtime.engine.CFMLEngineImpl.serviceCFML(CFMLEngineImpl.java:456):456
	at lucee.loader.servlet.CFMLServlet.service(CFMLServlet.java:47):47
	at javax.servlet.http.HttpServlet.service(HttpServlet.java:729):729
	at org.apache.catalina.core.ApplicationFilterChain.internalDoFilter(ApplicationFilterChain.java:230):230
	at org.apache.catalina.core.ApplicationFilterChain.doFilter(ApplicationFilterChain.java:165):165
	at org.apache.tomcat.websocket.server.WsFilter.doFilter(WsFilter.java:52):52
	at org.apache.catalina.core.ApplicationFilterChain.internalDoFilter(ApplicationFilterChain.java:192):192
	at org.apache.catalina.core.ApplicationFilterChain.doFilter(ApplicationFilterChain.java:165):165
	at org.apache.catalina.core.StandardWrapperValve.invoke(StandardWrapperValve.java:198):198
	at org.apache.catalina.core.StandardContextValve.invoke(StandardContextValve.java:108):108
	at org.apache.catalina.core.StandardHostValve.invoke(StandardHostValve.java:140):140
	at org.apache.catalina.valves.ErrorReportValve.invoke(ErrorReportValve.java:79):79
	at org.apache.catalina.valves.AbstractAccessLogValve.invoke(AbstractAccessLogValve.java:620):620
	at org.apache.catalina.core.StandardEngineValve.invoke(StandardEngineValve.java:87):87
	at org.apache.catalina.connector.CoyoteAdapter.service(CoyoteAdapter.java:349):349
	at org.apache.coyote.http11.Http11Processor.service(Http11Processor.java:1110):1110
	at org.apache.coyote.AbstractProcessorLight.process(AbstractProcessorLight.java:66):66
	at org.apache.coyote.AbstractProtocol$ConnectionHandler.process(AbstractProtocol.java:785):785
	at org.apache.tomcat.util.net.NioEndpoint$SocketProcessor.doRun(NioEndpoint.java:1425):1425
	at org.apache.tomcat.util.net.SocketProcessorBase.run(SocketProcessorBase.java:49):49
	at java.util.concurrent.ThreadPoolExecutor.runWorker(ThreadPoolExecutor.java:1142):1142
	at java.util.concurrent.ThreadPoolExecutor$Worker.run(ThreadPoolExecutor.java:617):617
	at org.apache.tomcat.util.threads.TaskThread$WrappingRunnable.run(TaskThread.java:61):61
	at java.lang.Thread.run(Thread.java:745):745
"
"ERROR","http-nio-8080-exec-2","09/06/2016","22:37:20","",";invalid component definition, can't find component [localhost.tests];invalid component definition, can't find component [localhost.tests]
	at lucee.runtime.component.ComponentLoader.load(ComponentLoader.java:314):314
	at lucee.runtime.component.ComponentLoader.loadComponent(ComponentLoader.java:59):59
	at lucee.runtime.PageContextImpl.loadComponent(PageContextImpl.java:2957):2957
	at lucee.runtime.functions.other.CreateObject.doComponent(CreateObject.java:228):228
	at lucee.runtime.functions.other.CreateObject.call(CreateObject.java:79):79
	at lucee.runtime.functions.other.CreateObject.call(CreateObject.java:59):59
	at mxunit.runner.htmlrunner_cfc$cf.udfCall(/usr/local/Cellar/tomcat/8.5.4/libexec/apps/testProject/mxunit/runner/HtmlRunner.cfc:26):26
	at lucee.runtime.type.UDFImpl.implementation(UDFImpl.java:111):111
	at lucee.runtime.type.UDFImpl._call(UDFImpl.java:328):328
	at lucee.runtime.type.UDFImpl.callWithNamedValues(UDFImpl.java:216):216
	at lucee.runtime.ComponentImpl._call(ComponentImpl.java:643):643
	at lucee.runtime.ComponentImpl._call(ComponentImpl.java:524):524
	at lucee.runtime.ComponentImpl.callWithNamedValues(ComponentImpl.java:1774):1774
	at lucee.runtime.tag.Invoke.doComponent(Invoke.java:221):221
	at lucee.runtime.tag.Invoke.doEndTag(Invoke.java:194):194
	at mxunit.runner.index_cfm$cf.call(/usr/local/Cellar/tomcat/8.5.4/libexec/apps/testProject/mxunit/runner/index.cfm:47):47
	at lucee.runtime.PageContextImpl.doInclude(PageContextImpl.java:954):954
	at lucee.runtime.PageContextImpl.doInclude(PageContextImpl.java:906):906
	at lucee.runtime.listener.ModernAppListener._onRequest(ModernAppListener.java:225):225
	at lucee.runtime.listener.MixedAppListener.onRequest(MixedAppListener.java:37):37
	at lucee.runtime.PageContextImpl.execute(PageContextImpl.java:2265):2265
	at lucee.runtime.PageContextImpl.execute(PageContextImpl.java:2228):2228
	at lucee.runtime.engine.CFMLEngineImpl.serviceCFML(CFMLEngineImpl.java:456):456
	at lucee.loader.servlet.CFMLServlet.service(CFMLServlet.java:47):47
	at javax.servlet.http.HttpServlet.service(HttpServlet.java:729):729
	at org.apache.catalina.core.ApplicationFilterChain.internalDoFilter(ApplicationFilterChain.java:230):230
	at org.apache.catalina.core.ApplicationFilterChain.doFilter(ApplicationFilterChain.java:165):165
	at org.apache.tomcat.websocket.server.WsFilter.doFilter(WsFilter.java:52):52
	at org.apache.catalina.core.ApplicationFilterChain.internalDoFilter(ApplicationFilterChain.java:192):192
	at org.apache.catalina.core.ApplicationFilterChain.doFilter(ApplicationFilterChain.java:165):165
	at org.apache.catalina.core.StandardWrapperValve.invoke(StandardWrapperValve.java:198):198
	at org.apache.catalina.core.StandardContextValve.invoke(StandardContextValve.java:108):108
	at org.apache.catalina.core.StandardHostValve.invoke(StandardHostValve.java:140):140
	at org.apache.catalina.valves.ErrorReportValve.invoke(ErrorReportValve.java:79):79
	at org.apache.catalina.valves.AbstractAccessLogValve.invoke(AbstractAccessLogValve.java:620):620
	at org.apache.catalina.core.StandardEngineValve.invoke(StandardEngineValve.java:87):87
	at org.apache.catalina.connector.CoyoteAdapter.service(CoyoteAdapter.java:349):349
	at org.apache.coyote.http11.Http11Processor.service(Http11Processor.java:1110):1110
	at org.apache.coyote.AbstractProcessorLight.process(AbstractProcessorLight.java:66):66
	at org.apache.coyote.AbstractProtocol$ConnectionHandler.process(AbstractProtocol.java:785):785
	at org.apache.tomcat.util.net.NioEndpoint$SocketProcessor.doRun(NioEndpoint.java:1425):1425
	at org.apache.tomcat.util.net.SocketProcessorBase.run(SocketProcessorBase.java:49):49
	at java.util.concurrent.ThreadPoolExecutor.runWorker(ThreadPoolExecutor.java:1142):1142
	at java.util.concurrent.ThreadPoolExecutor$Worker.run(ThreadPoolExecutor.java:617):617
	at org.apache.tomcat.util.threads.TaskThread$WrappingRunnable.run(TaskThread.java:61):61
	at java.lang.Thread.run(Thread.java:745):745
"
"ERROR","http-nio-8080-exec-7","09/06/2016","22:38:04","",";invalid component definition, can't find component [testProject.tests.findPivotIndexServiceTest];invalid component definition, can't find component [testProject.tests.findPivotIndexServiceTest]
	at lucee.runtime.component.ComponentLoader.load(ComponentLoader.java:314):314
	at lucee.runtime.component.ComponentLoader.loadComponent(ComponentLoader.java:59):59
	at lucee.runtime.PageContextImpl.loadComponent(PageContextImpl.java:2957):2957
	at lucee.runtime.functions.other.CreateObject.doComponent(CreateObject.java:228):228
	at lucee.runtime.functions.other.CreateObject.call(CreateObject.java:79):79
	at lucee.runtime.functions.other.CreateObject.call(CreateObject.java:59):59
	at mxunit.runner.htmlrunner_cfc$cf.udfCall(/usr/local/Cellar/tomcat/8.5.4/libexec/apps/testProject/mxunit/runner/HtmlRunner.cfc:26):26
	at lucee.runtime.type.UDFImpl.implementation(UDFImpl.java:111):111
	at lucee.runtime.type.UDFImpl._call(UDFImpl.java:328):328
	at lucee.runtime.type.UDFImpl.callWithNamedValues(UDFImpl.java:216):216
	at lucee.runtime.ComponentImpl._call(ComponentImpl.java:643):643
	at lucee.runtime.ComponentImpl._call(ComponentImpl.java:524):524
	at lucee.runtime.ComponentImpl.callWithNamedValues(ComponentImpl.java:1774):1774
	at lucee.runtime.tag.Invoke.doComponent(Invoke.java:221):221
	at lucee.runtime.tag.Invoke.doEndTag(Invoke.java:194):194
	at mxunit.runner.index_cfm$cf.call(/usr/local/Cellar/tomcat/8.5.4/libexec/apps/testProject/mxunit/runner/index.cfm:47):47
	at lucee.runtime.PageContextImpl.doInclude(PageContextImpl.java:954):954
	at lucee.runtime.PageContextImpl.doInclude(PageContextImpl.java:906):906
	at lucee.runtime.listener.ModernAppListener._onRequest(ModernAppListener.java:225):225
	at lucee.runtime.listener.MixedAppListener.onRequest(MixedAppListener.java:37):37
	at lucee.runtime.PageContextImpl.execute(PageContextImpl.java:2265):2265
	at lucee.runtime.PageContextImpl.execute(PageContextImpl.java:2228):2228
	at lucee.runtime.engine.CFMLEngineImpl.serviceCFML(CFMLEngineImpl.java:456):456
	at lucee.loader.servlet.CFMLServlet.service(CFMLServlet.java:47):47
	at javax.servlet.http.HttpServlet.service(HttpServlet.java:729):729
	at org.apache.catalina.core.ApplicationFilterChain.internalDoFilter(ApplicationFilterChain.java:230):230
	at org.apache.catalina.core.ApplicationFilterChain.doFilter(ApplicationFilterChain.java:165):165
	at org.apache.tomcat.websocket.server.WsFilter.doFilter(WsFilter.java:52):52
	at org.apache.catalina.core.ApplicationFilterChain.internalDoFilter(ApplicationFilterChain.java:192):192
	at org.apache.catalina.core.ApplicationFilterChain.doFilter(ApplicationFilterChain.java:165):165
	at org.apache.catalina.core.StandardWrapperValve.invoke(StandardWrapperValve.java:198):198
	at org.apache.catalina.core.StandardContextValve.invoke(StandardContextValve.java:108):108
	at org.apache.catalina.core.StandardHostValve.invoke(StandardHostValve.java:140):140
	at org.apache.catalina.valves.ErrorReportValve.invoke(ErrorReportValve.java:79):79
	at org.apache.catalina.valves.AbstractAccessLogValve.invoke(AbstractAccessLogValve.java:620):620
	at org.apache.catalina.core.StandardEngineValve.invoke(StandardEngineValve.java:87):87
	at org.apache.catalina.connector.CoyoteAdapter.service(CoyoteAdapter.java:349):349
	at org.apache.coyote.http11.Http11Processor.service(Http11Processor.java:1110):1110
	at org.apache.coyote.AbstractProcessorLight.process(AbstractProcessorLight.java:66):66
	at org.apache.coyote.AbstractProtocol$ConnectionHandler.process(AbstractProtocol.java:785):785
	at org.apache.tomcat.util.net.NioEndpoint$SocketProcessor.doRun(NioEndpoint.java:1425):1425
	at org.apache.tomcat.util.net.SocketProcessorBase.run(SocketProcessorBase.java:49):49
	at java.util.concurrent.ThreadPoolExecutor.runWorker(ThreadPoolExecutor.java:1142):1142
	at java.util.concurrent.ThreadPoolExecutor$Worker.run(ThreadPoolExecutor.java:617):617
	at org.apache.tomcat.util.threads.TaskThread$WrappingRunnable.run(TaskThread.java:61):61
	at java.lang.Thread.run(Thread.java:745):745
"
"ERROR","http-nio-8080-exec-5","09/06/2016","22:44:32","",";invalid component definition, can't find component [localhost.tests];invalid component definition, can't find component [localhost.tests]
	at lucee.runtime.component.ComponentLoader.load(ComponentLoader.java:314):314
	at lucee.runtime.component.ComponentLoader.loadComponent(ComponentLoader.java:59):59
	at lucee.runtime.PageContextImpl.loadComponent(PageContextImpl.java:2957):2957
	at lucee.runtime.functions.other.CreateObject.doComponent(CreateObject.java:228):228
	at lucee.runtime.functions.other.CreateObject.call(CreateObject.java:79):79
	at lucee.runtime.functions.other.CreateObject.call(CreateObject.java:59):59
	at mxunit.runner.htmlrunner_cfc$cf.udfCall(/usr/local/Cellar/tomcat/8.5.4/libexec/apps/testProject/mxunit/runner/HtmlRunner.cfc:26):26
	at lucee.runtime.type.UDFImpl.implementation(UDFImpl.java:111):111
	at lucee.runtime.type.UDFImpl._call(UDFImpl.java:328):328
	at lucee.runtime.type.UDFImpl.callWithNamedValues(UDFImpl.java:216):216
	at lucee.runtime.ComponentImpl._call(ComponentImpl.java:643):643
	at lucee.runtime.ComponentImpl._call(ComponentImpl.java:524):524
	at lucee.runtime.ComponentImpl.callWithNamedValues(ComponentImpl.java:1774):1774
	at lucee.runtime.tag.Invoke.doComponent(Invoke.java:221):221
	at lucee.runtime.tag.Invoke.doEndTag(Invoke.java:194):194
	at mxunit.runner.index_cfm$cf.call(/usr/local/Cellar/tomcat/8.5.4/libexec/apps/testProject/mxunit/runner/index.cfm:47):47
	at lucee.runtime.PageContextImpl.doInclude(PageContextImpl.java:954):954
	at lucee.runtime.PageContextImpl.doInclude(PageContextImpl.java:906):906
	at lucee.runtime.listener.ModernAppListener._onRequest(ModernAppListener.java:225):225
	at lucee.runtime.listener.MixedAppListener.onRequest(MixedAppListener.java:37):37
	at lucee.runtime.PageContextImpl.execute(PageContextImpl.java:2265):2265
	at lucee.runtime.PageContextImpl.execute(PageContextImpl.java:2228):2228
	at lucee.runtime.engine.CFMLEngineImpl.serviceCFML(CFMLEngineImpl.java:456):456
	at lucee.loader.servlet.CFMLServlet.service(CFMLServlet.java:47):47
	at javax.servlet.http.HttpServlet.service(HttpServlet.java:729):729
	at org.apache.catalina.core.ApplicationFilterChain.internalDoFilter(ApplicationFilterChain.java:230):230
	at org.apache.catalina.core.ApplicationFilterChain.doFilter(ApplicationFilterChain.java:165):165
	at org.apache.tomcat.websocket.server.WsFilter.doFilter(WsFilter.java:52):52
	at org.apache.catalina.core.ApplicationFilterChain.internalDoFilter(ApplicationFilterChain.java:192):192
	at org.apache.catalina.core.ApplicationFilterChain.doFilter(ApplicationFilterChain.java:165):165
	at org.apache.catalina.core.StandardWrapperValve.invoke(StandardWrapperValve.java:198):198
	at org.apache.catalina.core.StandardContextValve.invoke(StandardContextValve.java:108):108
	at org.apache.catalina.core.StandardHostValve.invoke(StandardHostValve.java:140):140
	at org.apache.catalina.valves.ErrorReportValve.invoke(ErrorReportValve.java:79):79
	at org.apache.catalina.valves.AbstractAccessLogValve.invoke(AbstractAccessLogValve.java:620):620
	at org.apache.catalina.core.StandardEngineValve.invoke(StandardEngineValve.java:87):87
	at org.apache.catalina.connector.CoyoteAdapter.service(CoyoteAdapter.java:349):349
	at org.apache.coyote.http11.Http11Processor.service(Http11Processor.java:1110):1110
	at org.apache.coyote.AbstractProcessorLight.process(AbstractProcessorLight.java:66):66
	at org.apache.coyote.AbstractProtocol$ConnectionHandler.process(AbstractProtocol.java:785):785
	at org.apache.tomcat.util.net.NioEndpoint$SocketProcessor.doRun(NioEndpoint.java:1425):1425
	at org.apache.tomcat.util.net.SocketProcessorBase.run(SocketProcessorBase.java:49):49
	at java.util.concurrent.ThreadPoolExecutor.runWorker(ThreadPoolExecutor.java:1142):1142
	at java.util.concurrent.ThreadPoolExecutor$Worker.run(ThreadPoolExecutor.java:617):617
	at org.apache.tomcat.util.threads.TaskThread$WrappingRunnable.run(TaskThread.java:61):61
	at java.lang.Thread.run(Thread.java:745):745
"
"ERROR","http-nio-8080-exec-1","09/06/2016","22:44:36","",";invalid component definition, can't find component [localhost.tests];invalid component definition, can't find component [localhost.tests]
	at lucee.runtime.component.ComponentLoader.load(ComponentLoader.java:314):314
	at lucee.runtime.component.ComponentLoader.loadComponent(ComponentLoader.java:59):59
	at lucee.runtime.PageContextImpl.loadComponent(PageContextImpl.java:2957):2957
	at lucee.runtime.functions.other.CreateObject.doComponent(CreateObject.java:228):228
	at lucee.runtime.functions.other.CreateObject.call(CreateObject.java:79):79
	at lucee.runtime.functions.other.CreateObject.call(CreateObject.java:59):59
	at mxunit.runner.htmlrunner_cfc$cf.udfCall(/usr/local/Cellar/tomcat/8.5.4/libexec/apps/testProject/mxunit/runner/HtmlRunner.cfc:26):26
	at lucee.runtime.type.UDFImpl.implementation(UDFImpl.java:111):111
	at lucee.runtime.type.UDFImpl._call(UDFImpl.java:328):328
	at lucee.runtime.type.UDFImpl.callWithNamedValues(UDFImpl.java:216):216
	at lucee.runtime.ComponentImpl._call(ComponentImpl.java:643):643
	at lucee.runtime.ComponentImpl._call(ComponentImpl.java:524):524
	at lucee.runtime.ComponentImpl.callWithNamedValues(ComponentImpl.java:1774):1774
	at lucee.runtime.tag.Invoke.doComponent(Invoke.java:221):221
	at lucee.runtime.tag.Invoke.doEndTag(Invoke.java:194):194
	at mxunit.runner.index_cfm$cf.call(/usr/local/Cellar/tomcat/8.5.4/libexec/apps/testProject/mxunit/runner/index.cfm:47):47
	at lucee.runtime.PageContextImpl.doInclude(PageContextImpl.java:954):954
	at lucee.runtime.PageContextImpl.doInclude(PageContextImpl.java:906):906
	at lucee.runtime.listener.ModernAppListener._onRequest(ModernAppListener.java:225):225
	at lucee.runtime.listener.MixedAppListener.onRequest(MixedAppListener.java:37):37
	at lucee.runtime.PageContextImpl.execute(PageContextImpl.java:2265):2265
	at lucee.runtime.PageContextImpl.execute(PageContextImpl.java:2228):2228
	at lucee.runtime.engine.CFMLEngineImpl.serviceCFML(CFMLEngineImpl.java:456):456
	at lucee.loader.servlet.CFMLServlet.service(CFMLServlet.java:47):47
	at javax.servlet.http.HttpServlet.service(HttpServlet.java:729):729
	at org.apache.catalina.core.ApplicationFilterChain.internalDoFilter(ApplicationFilterChain.java:230):230
	at org.apache.catalina.core.ApplicationFilterChain.doFilter(ApplicationFilterChain.java:165):165
	at org.apache.tomcat.websocket.server.WsFilter.doFilter(WsFilter.java:52):52
	at org.apache.catalina.core.ApplicationFilterChain.internalDoFilter(ApplicationFilterChain.java:192):192
	at org.apache.catalina.core.ApplicationFilterChain.doFilter(ApplicationFilterChain.java:165):165
	at org.apache.catalina.core.StandardWrapperValve.invoke(StandardWrapperValve.java:198):198
	at org.apache.catalina.core.StandardContextValve.invoke(StandardContextValve.java:108):108
	at org.apache.catalina.core.StandardHostValve.invoke(StandardHostValve.java:140):140
	at org.apache.catalina.valves.ErrorReportValve.invoke(ErrorReportValve.java:79):79
	at org.apache.catalina.valves.AbstractAccessLogValve.invoke(AbstractAccessLogValve.java:620):620
	at org.apache.catalina.core.StandardEngineValve.invoke(StandardEngineValve.java:87):87
	at org.apache.catalina.connector.CoyoteAdapter.service(CoyoteAdapter.java:349):349
	at org.apache.coyote.http11.Http11Processor.service(Http11Processor.java:1110):1110
	at org.apache.coyote.AbstractProcessorLight.process(AbstractProcessorLight.java:66):66
	at org.apache.coyote.AbstractProtocol$ConnectionHandler.process(AbstractProtocol.java:785):785
	at org.apache.tomcat.util.net.NioEndpoint$SocketProcessor.doRun(NioEndpoint.java:1425):1425
	at org.apache.tomcat.util.net.SocketProcessorBase.run(SocketProcessorBase.java:49):49
	at java.util.concurrent.ThreadPoolExecutor.runWorker(ThreadPoolExecutor.java:1142):1142
	at java.util.concurrent.ThreadPoolExecutor$Worker.run(ThreadPoolExecutor.java:617):617
	at org.apache.tomcat.util.threads.TaskThread$WrappingRunnable.run(TaskThread.java:61):61
	at java.lang.Thread.run(Thread.java:745):745
"
"ERROR","http-nio-8080-exec-6","09/06/2016","22:44:59","",";invalid component definition, can't find component [localhost.tests];invalid component definition, can't find component [localhost.tests]
	at lucee.runtime.component.ComponentLoader.load(ComponentLoader.java:314):314
	at lucee.runtime.component.ComponentLoader.loadComponent(ComponentLoader.java:59):59
	at lucee.runtime.PageContextImpl.loadComponent(PageContextImpl.java:2957):2957
	at lucee.runtime.functions.other.CreateObject.doComponent(CreateObject.java:228):228
	at lucee.runtime.functions.other.CreateObject.call(CreateObject.java:79):79
	at lucee.runtime.functions.other.CreateObject.call(CreateObject.java:59):59
	at mxunit.runner.htmlrunner_cfc$cf.udfCall(/usr/local/Cellar/tomcat/8.5.4/libexec/apps/testProject/mxunit/runner/HtmlRunner.cfc:26):26
	at lucee.runtime.type.UDFImpl.implementation(UDFImpl.java:111):111
	at lucee.runtime.type.UDFImpl._call(UDFImpl.java:328):328
	at lucee.runtime.type.UDFImpl.callWithNamedValues(UDFImpl.java:216):216
	at lucee.runtime.ComponentImpl._call(ComponentImpl.java:643):643
	at lucee.runtime.ComponentImpl._call(ComponentImpl.java:524):524
	at lucee.runtime.ComponentImpl.callWithNamedValues(ComponentImpl.java:1774):1774
	at lucee.runtime.tag.Invoke.doComponent(Invoke.java:221):221
	at lucee.runtime.tag.Invoke.doEndTag(Invoke.java:194):194
	at mxunit.runner.index_cfm$cf.call(/usr/local/Cellar/tomcat/8.5.4/libexec/apps/testProject/mxunit/runner/index.cfm:47):47
	at lucee.runtime.PageContextImpl.doInclude(PageContextImpl.java:954):954
	at lucee.runtime.PageContextImpl.doInclude(PageContextImpl.java:906):906
	at lucee.runtime.listener.ModernAppListener._onRequest(ModernAppListener.java:225):225
	at lucee.runtime.listener.MixedAppListener.onRequest(MixedAppListener.java:37):37
	at lucee.runtime.PageContextImpl.execute(PageContextImpl.java:2265):2265
	at lucee.runtime.PageContextImpl.execute(PageContextImpl.java:2228):2228
	at lucee.runtime.engine.CFMLEngineImpl.serviceCFML(CFMLEngineImpl.java:456):456
	at lucee.loader.servlet.CFMLServlet.service(CFMLServlet.java:47):47
	at javax.servlet.http.HttpServlet.service(HttpServlet.java:729):729
	at org.apache.catalina.core.ApplicationFilterChain.internalDoFilter(ApplicationFilterChain.java:230):230
	at org.apache.catalina.core.ApplicationFilterChain.doFilter(ApplicationFilterChain.java:165):165
	at org.apache.tomcat.websocket.server.WsFilter.doFilter(WsFilter.java:52):52
	at org.apache.catalina.core.ApplicationFilterChain.internalDoFilter(ApplicationFilterChain.java:192):192
	at org.apache.catalina.core.ApplicationFilterChain.doFilter(ApplicationFilterChain.java:165):165
	at org.apache.catalina.core.StandardWrapperValve.invoke(StandardWrapperValve.java:198):198
	at org.apache.catalina.core.StandardContextValve.invoke(StandardContextValve.java:108):108
	at org.apache.catalina.core.StandardHostValve.invoke(StandardHostValve.java:140):140
	at org.apache.catalina.valves.ErrorReportValve.invoke(ErrorReportValve.java:79):79
	at org.apache.catalina.valves.AbstractAccessLogValve.invoke(AbstractAccessLogValve.java:620):620
	at org.apache.catalina.core.StandardEngineValve.invoke(StandardEngineValve.java:87):87
	at org.apache.catalina.connector.CoyoteAdapter.service(CoyoteAdapter.java:349):349
	at org.apache.coyote.http11.Http11Processor.service(Http11Processor.java:1110):1110
	at org.apache.coyote.AbstractProcessorLight.process(AbstractProcessorLight.java:66):66
	at org.apache.coyote.AbstractProtocol$ConnectionHandler.process(AbstractProtocol.java:785):785
	at org.apache.tomcat.util.net.NioEndpoint$SocketProcessor.doRun(NioEndpoint.java:1425):1425
	at org.apache.tomcat.util.net.SocketProcessorBase.run(SocketProcessorBase.java:49):49
	at java.util.concurrent.ThreadPoolExecutor.runWorker(ThreadPoolExecutor.java:1142):1142
	at java.util.concurrent.ThreadPoolExecutor$Worker.run(ThreadPoolExecutor.java:617):617
	at org.apache.tomcat.util.threads.TaskThread$WrappingRunnable.run(TaskThread.java:61):61
	at java.lang.Thread.run(Thread.java:745):745
"
"ERROR","http-nio-8080-exec-8","09/06/2016","22:45:24","",";Page /tests/index.cfm [/usr/local/Cellar/tomcat/8.5.4/libexec/apps/testProject/tests/index.cfm] not found;Page /tests/index.cfm [/usr/local/Cellar/tomcat/8.5.4/libexec/apps/testProject/tests/index.cfm] not found
	at lucee.runtime.PageSourceImpl.loadPage(PageSourceImpl.java:917):917
	at lucee.runtime.PageContextImpl.doInclude(PageContextImpl.java:950):950
	at lucee.runtime.PageContextImpl.doInclude(PageContextImpl.java:906):906
	at lucee.runtime.listener.ModernAppListener._onRequest(ModernAppListener.java:225):225
	at lucee.runtime.listener.MixedAppListener.onRequest(MixedAppListener.java:37):37
	at lucee.runtime.PageContextImpl.execute(PageContextImpl.java:2265):2265
	at lucee.runtime.PageContextImpl.execute(PageContextImpl.java:2228):2228
	at lucee.runtime.engine.CFMLEngineImpl.serviceCFML(CFMLEngineImpl.java:456):456
	at lucee.loader.servlet.CFMLServlet.service(CFMLServlet.java:47):47
	at javax.servlet.http.HttpServlet.service(HttpServlet.java:729):729
	at org.apache.catalina.core.ApplicationFilterChain.internalDoFilter(ApplicationFilterChain.java:230):230
	at org.apache.catalina.core.ApplicationFilterChain.doFilter(ApplicationFilterChain.java:165):165
	at org.apache.tomcat.websocket.server.WsFilter.doFilter(WsFilter.java:52):52
	at org.apache.catalina.core.ApplicationFilterChain.internalDoFilter(ApplicationFilterChain.java:192):192
	at org.apache.catalina.core.ApplicationFilterChain.doFilter(ApplicationFilterChain.java:165):165
	at org.apache.catalina.core.StandardWrapperValve.invoke(StandardWrapperValve.java:198):198
	at org.apache.catalina.core.StandardContextValve.invoke(StandardContextValve.java:108):108
	at org.apache.catalina.core.StandardHostValve.invoke(StandardHostValve.java:140):140
	at org.apache.catalina.valves.ErrorReportValve.invoke(ErrorReportValve.java:79):79
	at org.apache.catalina.valves.AbstractAccessLogValve.invoke(AbstractAccessLogValve.java:620):620
	at org.apache.catalina.core.StandardEngineValve.invoke(StandardEngineValve.java:87):87
	at org.apache.catalina.connector.CoyoteAdapter.service(CoyoteAdapter.java:349):349
	at org.apache.coyote.http11.Http11Processor.service(Http11Processor.java:1110):1110
	at org.apache.coyote.AbstractProcessorLight.process(AbstractProcessorLight.java:66):66
	at org.apache.coyote.AbstractProtocol$ConnectionHandler.process(AbstractProtocol.java:785):785
	at org.apache.tomcat.util.net.NioEndpoint$SocketProcessor.doRun(NioEndpoint.java:1425):1425
	at org.apache.tomcat.util.net.SocketProcessorBase.run(SocketProcessorBase.java:49):49
	at java.util.concurrent.ThreadPoolExecutor.runWorker(ThreadPoolExecutor.java:1142):1142
	at java.util.concurrent.ThreadPoolExecutor$Worker.run(ThreadPoolExecutor.java:617):617
	at org.apache.tomcat.util.threads.TaskThread$WrappingRunnable.run(TaskThread.java:61):61
	at java.lang.Thread.run(Thread.java:745):745
"
"ERROR","http-nio-8080-exec-1","09/06/2016","23:26:35","",";invalid component definition, can't find component [localhost.tests];invalid component definition, can't find component [localhost.tests]
	at lucee.runtime.component.ComponentLoader.load(ComponentLoader.java:314):314
	at lucee.runtime.component.ComponentLoader.loadComponent(ComponentLoader.java:59):59
	at lucee.runtime.PageContextImpl.loadComponent(PageContextImpl.java:2957):2957
	at lucee.runtime.functions.other.CreateObject.doComponent(CreateObject.java:228):228
	at lucee.runtime.functions.other.CreateObject.call(CreateObject.java:79):79
	at lucee.runtime.functions.other.CreateObject.call(CreateObject.java:59):59
	at mxunit.runner.htmlrunner_cfc$cf.udfCall(/usr/local/Cellar/tomcat/8.5.4/libexec/apps/testProject/mxunit/runner/HtmlRunner.cfc:26):26
	at lucee.runtime.type.UDFImpl.implementation(UDFImpl.java:111):111
	at lucee.runtime.type.UDFImpl._call(UDFImpl.java:328):328
	at lucee.runtime.type.UDFImpl.callWithNamedValues(UDFImpl.java:216):216
	at lucee.runtime.ComponentImpl._call(ComponentImpl.java:643):643
	at lucee.runtime.ComponentImpl._call(ComponentImpl.java:524):524
	at lucee.runtime.ComponentImpl.callWithNamedValues(ComponentImpl.java:1774):1774
	at lucee.runtime.tag.Invoke.doComponent(Invoke.java:221):221
	at lucee.runtime.tag.Invoke.doEndTag(Invoke.java:194):194
	at mxunit.runner.index_cfm$cf.call(/usr/local/Cellar/tomcat/8.5.4/libexec/apps/testProject/mxunit/runner/index.cfm:47):47
	at lucee.runtime.PageContextImpl.doInclude(PageContextImpl.java:954):954
	at lucee.runtime.PageContextImpl.doInclude(PageContextImpl.java:906):906
	at lucee.runtime.listener.ModernAppListener._onRequest(ModernAppListener.java:225):225
	at lucee.runtime.listener.MixedAppListener.onRequest(MixedAppListener.java:37):37
	at lucee.runtime.PageContextImpl.execute(PageContextImpl.java:2265):2265
	at lucee.runtime.PageContextImpl.execute(PageContextImpl.java:2228):2228
	at lucee.runtime.engine.CFMLEngineImpl.serviceCFML(CFMLEngineImpl.java:456):456
	at lucee.loader.servlet.CFMLServlet.service(CFMLServlet.java:47):47
	at javax.servlet.http.HttpServlet.service(HttpServlet.java:729):729
	at org.apache.catalina.core.ApplicationFilterChain.internalDoFilter(ApplicationFilterChain.java:230):230
	at org.apache.catalina.core.ApplicationFilterChain.doFilter(ApplicationFilterChain.java:165):165
	at org.apache.tomcat.websocket.server.WsFilter.doFilter(WsFilter.java:52):52
	at org.apache.catalina.core.ApplicationFilterChain.internalDoFilter(ApplicationFilterChain.java:192):192
	at org.apache.catalina.core.ApplicationFilterChain.doFilter(ApplicationFilterChain.java:165):165
	at org.apache.catalina.core.StandardWrapperValve.invoke(StandardWrapperValve.java:198):198
	at org.apache.catalina.core.StandardContextValve.invoke(StandardContextValve.java:108):108
	at org.apache.catalina.core.StandardHostValve.invoke(StandardHostValve.java:140):140
	at org.apache.catalina.valves.ErrorReportValve.invoke(ErrorReportValve.java:79):79
	at org.apache.catalina.valves.AbstractAccessLogValve.invoke(AbstractAccessLogValve.java:620):620
	at org.apache.catalina.core.StandardEngineValve.invoke(StandardEngineValve.java:87):87
	at org.apache.catalina.connector.CoyoteAdapter.service(CoyoteAdapter.java:349):349
	at org.apache.coyote.http11.Http11Processor.service(Http11Processor.java:1110):1110
	at org.apache.coyote.AbstractProcessorLight.process(AbstractProcessorLight.java:66):66
	at org.apache.coyote.AbstractProtocol$ConnectionHandler.process(AbstractProtocol.java:785):785
	at org.apache.tomcat.util.net.NioEndpoint$SocketProcessor.doRun(NioEndpoint.java:1425):1425
	at org.apache.tomcat.util.net.SocketProcessorBase.run(SocketProcessorBase.java:49):49
	at java.util.concurrent.ThreadPoolExecutor.runWorker(ThreadPoolExecutor.java:1142):1142
	at java.util.concurrent.ThreadPoolExecutor$Worker.run(ThreadPoolExecutor.java:617):617
	at org.apache.tomcat.util.threads.TaskThread$WrappingRunnable.run(TaskThread.java:61):61
	at java.lang.Thread.run(Thread.java:745):745
"
