"Severity","ThreadID","Date","Time","Application","Message"
"INFO","http-nio-8080-exec-9","08/27/2016","23:50:32","","responsetime=415 section=error item=default https= domain=localhost:8080 remote_ip=0:0:0:0:0:0:0:1"
"INFO","http-nio-8080-exec-7","08/28/2016","00:00:58","","responsetime=325 section=error item=default https= domain=localhost:8080 remote_ip=0:0:0:0:0:0:0:1"
"INFO","http-nio-8080-exec-10","08/28/2016","00:01:48","","responsetime=172 section=error item=default https= domain=localhost:8080 remote_ip=0:0:0:0:0:0:0:1"
"INFO","http-nio-8080-exec-5","08/28/2016","00:03:02","","responsetime=176 section=home item=default https= domain=localhost:8080 remote_ip=0:0:0:0:0:0:0:1"
"INFO","http-nio-8080-exec-7","08/28/2016","00:05:34","","responsetime=142 section=error item=default https= domain=localhost:8080 remote_ip=0:0:0:0:0:0:0:1"
"INFO","http-nio-8080-exec-8","08/28/2016","00:06:07","","responsetime=104 section=home item=default https= domain=localhost:8080 remote_ip=0:0:0:0:0:0:0:1"
"INFO","http-nio-8080-exec-10","08/30/2016","11:32:03","","responsetime=97 section=home item=default https= domain=localhost:8080 remote_ip=0:0:0:0:0:0:0:1"
"INFO","http-nio-8080-exec-10","08/30/2016","13:30:50","","responsetime=153 section=home item=default https= domain=localhost:8080 remote_ip=0:0:0:0:0:0:0:1"
"INFO","http-nio-8080-exec-5","08/30/2016","13:34:23","","responsetime=21 section=home item=default https= domain=localhost:8080 remote_ip=0:0:0:0:0:0:0:1"
"INFO","http-nio-8080-exec-9","08/30/2016","13:34:54","","responsetime=594 section=home item=default https= domain=localhost:8080 remote_ip=0:0:0:0:0:0:0:1"
"INFO","http-nio-8080-exec-3","08/30/2016","13:37:20","","responsetime=5 section=home item=default https= domain=localhost:8080 remote_ip=0:0:0:0:0:0:0:1"
"INFO","http-nio-8080-exec-6","08/30/2016","13:37:33","","responsetime=4 section=home item=default https= domain=localhost:8080 remote_ip=0:0:0:0:0:0:0:1"
"INFO","http-nio-8080-exec-5","08/30/2016","13:37:44","","responsetime=4 section=home item=default https= domain=localhost:8080 remote_ip=0:0:0:0:0:0:0:1"
"INFO","http-nio-8080-exec-4","08/30/2016","13:39:52","","responsetime=6 section=home item=default https= domain=localhost:8080 remote_ip=0:0:0:0:0:0:0:1"
"INFO","http-nio-8080-exec-4","08/30/2016","13:45:00","","responsetime=7 section=home item=default https= domain=localhost:8080 remote_ip=0:0:0:0:0:0:0:1"
"INFO","http-nio-8080-exec-1","08/30/2016","13:47:16","","responsetime=4 section=home item=default https= domain=localhost:8080 remote_ip=0:0:0:0:0:0:0:1"
"INFO","http-nio-8080-exec-4","08/30/2016","13:47:57","","responsetime=6 section=home item=default https= domain=localhost:8080 remote_ip=0:0:0:0:0:0:0:1"
"INFO","http-nio-8080-exec-1","08/30/2016","13:48:20","","responsetime=5 section=home item=default https= domain=localhost:8080 remote_ip=0:0:0:0:0:0:0:1"
"INFO","http-nio-8080-exec-2","08/30/2016","13:48:32","","responsetime=4 section=home item=default https= domain=localhost:8080 remote_ip=0:0:0:0:0:0:0:1"
"INFO","http-nio-8080-exec-7","08/30/2016","13:51:17","","responsetime=5 section=home item=default https= domain=localhost:8080 remote_ip=0:0:0:0:0:0:0:1"
"INFO","http-nio-8080-exec-10","08/30/2016","13:56:19","","responsetime=110 section=home item=default https= domain=localhost:8080 remote_ip=0:0:0:0:0:0:0:1"
"INFO","http-nio-8080-exec-8","08/30/2016","13:56:33","","responsetime=13 section=home item=default https= domain=localhost:8080 remote_ip=0:0:0:0:0:0:0:1"
"INFO","http-nio-8080-exec-9","08/30/2016","13:56:46","","responsetime=20 section=home item=default https= domain=localhost:8080 remote_ip=0:0:0:0:0:0:0:1"
"INFO","http-nio-8080-exec-4","08/30/2016","13:58:28","","responsetime=19 section=home item=default https= domain=localhost:8080 remote_ip=0:0:0:0:0:0:0:1"
"INFO","http-nio-8080-exec-2","08/30/2016","14:00:48","","responsetime=100 section=home item=default https= domain=localhost:8080 remote_ip=0:0:0:0:0:0:0:1"
"INFO","http-nio-8080-exec-7","08/30/2016","14:03:36","","responsetime=80 section=home item=default https= domain=localhost:8080 remote_ip=0:0:0:0:0:0:0:1"
"INFO","http-nio-8080-exec-5","08/30/2016","14:03:40","","responsetime=7 section=home item=default https= domain=localhost:8080 remote_ip=0:0:0:0:0:0:0:1"
"INFO","http-nio-8080-exec-3","08/30/2016","14:03:59","","responsetime=6 section=home item=default https= domain=localhost:8080 remote_ip=0:0:0:0:0:0:0:1"
"INFO","http-nio-8080-exec-9","08/30/2016","14:04:00","","responsetime=7 section=home item=default https= domain=localhost:8080 remote_ip=0:0:0:0:0:0:0:1"
"INFO","http-nio-8080-exec-5","08/30/2016","14:08:14","","responsetime=105 section=home item=default https= domain=localhost:8080 remote_ip=0:0:0:0:0:0:0:1"
"INFO","http-nio-8080-exec-1","08/30/2016","14:08:32","","responsetime=30 section=home item=default https= domain=localhost:8080 remote_ip=0:0:0:0:0:0:0:1"
"INFO","http-nio-8080-exec-10","08/30/2016","14:09:25","","responsetime=312 section=home item=default https= domain=localhost:8080 remote_ip=0:0:0:0:0:0:0:1"
"INFO","http-nio-8080-exec-6","08/30/2016","14:09:38","","responsetime=27 section=home item=default https= domain=localhost:8080 remote_ip=0:0:0:0:0:0:0:1"
"INFO","http-nio-8080-exec-8","08/30/2016","14:10:20","","responsetime=26 section=home item=default https= domain=localhost:8080 remote_ip=0:0:0:0:0:0:0:1"
"INFO","http-nio-8080-exec-8","08/30/2016","14:10:26","","responsetime=4 section=home item=default https= domain=localhost:8080 remote_ip=0:0:0:0:0:0:0:1"
"INFO","http-nio-8080-exec-8","08/30/2016","14:11:08","","responsetime=80 section=home item=default https= domain=localhost:8080 remote_ip=0:0:0:0:0:0:0:1"
"INFO","http-nio-8080-exec-2","08/30/2016","14:11:10","","responsetime=17 section=home item=default https= domain=localhost:8080 remote_ip=0:0:0:0:0:0:0:1"
"INFO","http-nio-8080-exec-5","08/30/2016","14:11:11","","responsetime=6 section=home item=default https= domain=localhost:8080 remote_ip=0:0:0:0:0:0:0:1"
"INFO","http-nio-8080-exec-7","08/30/2016","14:11:12","","responsetime=8 section=home item=default https= domain=localhost:8080 remote_ip=0:0:0:0:0:0:0:1"
"INFO","http-nio-8080-exec-9","08/30/2016","14:11:14","","responsetime=6 section=home item=default https= domain=localhost:8080 remote_ip=0:0:0:0:0:0:0:1"
"INFO","http-nio-8080-exec-6","08/30/2016","14:11:51","","responsetime=6 section=home item=default https= domain=localhost:8080 remote_ip=0:0:0:0:0:0:0:1"
"INFO","http-nio-8080-exec-10","08/30/2016","14:11:52","","responsetime=4 section=home item=default https= domain=localhost:8080 remote_ip=0:0:0:0:0:0:0:1"
"INFO","http-nio-8080-exec-4","08/30/2016","14:11:54","","responsetime=5 section=home item=default https= domain=localhost:8080 remote_ip=0:0:0:0:0:0:0:1"
"INFO","http-nio-8080-exec-10","08/30/2016","14:12:03","","responsetime=5 section=home item=default https= domain=localhost:8080 remote_ip=0:0:0:0:0:0:0:1"
"INFO","http-nio-8080-exec-8","08/30/2016","14:12:17","","responsetime=5 section=home item=default https= domain=localhost:8080 remote_ip=0:0:0:0:0:0:0:1"
"INFO","http-nio-8080-exec-7","08/30/2016","14:12:18","","responsetime=3 section=home item=default https= domain=localhost:8080 remote_ip=0:0:0:0:0:0:0:1"
"INFO","http-nio-8080-exec-9","08/30/2016","14:12:20","","responsetime=3 section=home item=default https= domain=localhost:8080 remote_ip=0:0:0:0:0:0:0:1"
"INFO","http-nio-8080-exec-3","08/30/2016","14:12:22","","responsetime=4 section=home item=default https= domain=localhost:8080 remote_ip=0:0:0:0:0:0:0:1"
"INFO","http-nio-8080-exec-6","08/30/2016","14:12:23","","responsetime=2 section=home item=default https= domain=localhost:8080 remote_ip=0:0:0:0:0:0:0:1"
"INFO","http-nio-8080-exec-1","08/30/2016","14:12:24","","responsetime=4 section=home item=default https= domain=localhost:8080 remote_ip=0:0:0:0:0:0:0:1"
"INFO","http-nio-8080-exec-10","08/30/2016","14:12:26","","responsetime=4 section=home item=default https= domain=localhost:8080 remote_ip=0:0:0:0:0:0:0:1"
"INFO","http-nio-8080-exec-4","08/30/2016","14:12:27","","responsetime=4 section=home item=default https= domain=localhost:8080 remote_ip=0:0:0:0:0:0:0:1"
"INFO","http-nio-8080-exec-2","08/30/2016","14:12:28","","responsetime=4 section=home item=default https= domain=localhost:8080 remote_ip=0:0:0:0:0:0:0:1"
"INFO","http-nio-8080-exec-5","08/30/2016","14:12:28","","responsetime=3 section=home item=default https= domain=localhost:8080 remote_ip=0:0:0:0:0:0:0:1"
"INFO","http-nio-8080-exec-8","08/30/2016","14:12:29","","responsetime=3 section=home item=default https= domain=localhost:8080 remote_ip=0:0:0:0:0:0:0:1"
"INFO","http-nio-8080-exec-7","08/30/2016","14:12:30","","responsetime=4 section=home item=default https= domain=localhost:8080 remote_ip=0:0:0:0:0:0:0:1"
"INFO","http-nio-8080-exec-9","08/30/2016","14:12:31","","responsetime=3 section=home item=default https= domain=localhost:8080 remote_ip=0:0:0:0:0:0:0:1"
"INFO","http-nio-8080-exec-3","08/30/2016","14:12:32","","responsetime=2 section=home item=default https= domain=localhost:8080 remote_ip=0:0:0:0:0:0:0:1"
"INFO","http-nio-8080-exec-6","08/30/2016","14:12:33","","responsetime=3 section=home item=default https= domain=localhost:8080 remote_ip=0:0:0:0:0:0:0:1"
"INFO","http-nio-8080-exec-1","08/30/2016","14:12:34","","responsetime=3 section=home item=default https= domain=localhost:8080 remote_ip=0:0:0:0:0:0:0:1"
"INFO","http-nio-8080-exec-10","08/30/2016","14:12:37","","responsetime=2 section=home item=default https= domain=localhost:8080 remote_ip=0:0:0:0:0:0:0:1"
"INFO","http-nio-8080-exec-4","08/30/2016","14:12:38","","responsetime=3 section=home item=default https= domain=localhost:8080 remote_ip=0:0:0:0:0:0:0:1"
"INFO","http-nio-8080-exec-2","08/30/2016","14:12:40","","responsetime=2 section=home item=default https= domain=localhost:8080 remote_ip=0:0:0:0:0:0:0:1"
"INFO","http-nio-8080-exec-8","08/30/2016","14:18:00","","responsetime=17 section=home item=default https= domain=localhost:8080 remote_ip=0:0:0:0:0:0:0:1"
"INFO","http-nio-8080-exec-3","08/30/2016","14:18:02","","responsetime=3 section=home item=default https= domain=localhost:8080 remote_ip=0:0:0:0:0:0:0:1"
"INFO","http-nio-8080-exec-6","08/30/2016","14:18:05","","responsetime=4 section=home item=default https= domain=localhost:8080 remote_ip=0:0:0:0:0:0:0:1"
"INFO","http-nio-8080-exec-1","08/30/2016","14:18:07","","responsetime=3 section=home item=default https= domain=localhost:8080 remote_ip=0:0:0:0:0:0:0:1"
"INFO","http-nio-8080-exec-10","08/30/2016","14:18:10","","responsetime=5 section=home item=default https= domain=localhost:8080 remote_ip=0:0:0:0:0:0:0:1"
"INFO","http-nio-8080-exec-2","08/30/2016","14:19:06","","responsetime=7 section=home item=default https= domain=localhost:8080 remote_ip=0:0:0:0:0:0:0:1"
"INFO","http-nio-8080-exec-8","08/30/2016","14:19:36","","responsetime=38 section=home item=default https= domain=localhost:8080 remote_ip=0:0:0:0:0:0:0:1"
"INFO","http-nio-8080-exec-5","08/30/2016","14:19:37","","responsetime=4 section=home item=default https= domain=localhost:8080 remote_ip=0:0:0:0:0:0:0:1"
"INFO","http-nio-8080-exec-2","08/30/2016","14:19:41","","responsetime=7 section=home item=default https= domain=localhost:8080 remote_ip=0:0:0:0:0:0:0:1"
"INFO","http-nio-8080-exec-5","08/30/2016","14:19:41","","responsetime=3 section=home item=default https= domain=localhost:8080 remote_ip=0:0:0:0:0:0:0:1"
"INFO","http-nio-8080-exec-9","08/30/2016","14:19:41","","responsetime=2 section=home item=default https= domain=localhost:8080 remote_ip=0:0:0:0:0:0:0:1"
"INFO","http-nio-8080-exec-8","08/30/2016","14:19:47","","responsetime=3 section=home item=default https= domain=localhost:8080 remote_ip=0:0:0:0:0:0:0:1"
"INFO","http-nio-8080-exec-7","08/30/2016","14:19:51","","responsetime=3 section=home item=default https= domain=localhost:8080 remote_ip=0:0:0:0:0:0:0:1"
"INFO","http-nio-8080-exec-10","08/30/2016","14:21:08","","responsetime=5 section=home item=default https= domain=localhost:8080 remote_ip=0:0:0:0:0:0:0:1"
"INFO","http-nio-8080-exec-5","08/30/2016","14:21:43","","responsetime=4 section=home item=default https= domain=localhost:8080 remote_ip=0:0:0:0:0:0:0:1"
"INFO","http-nio-8080-exec-9","08/30/2016","14:21:45","","responsetime=2 section=home item=default https= domain=localhost:8080 remote_ip=0:0:0:0:0:0:0:1"
"INFO","http-nio-8080-exec-7","08/30/2016","14:21:48","","responsetime=5 section=home item=default https= domain=localhost:8080 remote_ip=0:0:0:0:0:0:0:1"
"INFO","http-nio-8080-exec-3","08/30/2016","14:21:50","","responsetime=5 section=home item=default https= domain=localhost:8080 remote_ip=0:0:0:0:0:0:0:1"
"INFO","http-nio-8080-exec-6","08/30/2016","14:21:52","","responsetime=9 section=home item=default https= domain=localhost:8080 remote_ip=0:0:0:0:0:0:0:1"
"INFO","http-nio-8080-exec-10","08/30/2016","14:22:35","","responsetime=4 section=home item=default https= domain=localhost:8080 remote_ip=0:0:0:0:0:0:0:1"
"INFO","http-nio-8080-exec-5","08/30/2016","14:22:59","","responsetime=5 section=home item=default https= domain=localhost:8080 remote_ip=0:0:0:0:0:0:0:1"
"INFO","http-nio-8080-exec-2","08/30/2016","14:23:02","","responsetime=3 section=home item=default https= domain=localhost:8080 remote_ip=0:0:0:0:0:0:0:1"
"INFO","http-nio-8080-exec-6","08/30/2016","14:23:46","","responsetime=5 section=home item=default https= domain=localhost:8080 remote_ip=0:0:0:0:0:0:0:1"
"INFO","http-nio-8080-exec-1","08/30/2016","14:23:48","","responsetime=3 section=home item=default https= domain=localhost:8080 remote_ip=0:0:0:0:0:0:0:1"
"INFO","http-nio-8080-exec-4","08/30/2016","14:24:12","","responsetime=4 section=home item=default https= domain=localhost:8080 remote_ip=0:0:0:0:0:0:0:1"
"INFO","http-nio-8080-exec-10","08/30/2016","14:24:15","","responsetime=3 section=home item=default https= domain=localhost:8080 remote_ip=0:0:0:0:0:0:0:1"
"INFO","http-nio-8080-exec-4","08/30/2016","14:24:29","","responsetime=4 section=home item=default https= domain=localhost:8080 remote_ip=0:0:0:0:0:0:0:1"
"INFO","http-nio-8080-exec-10","08/30/2016","14:24:30","","responsetime=4 section=home item=default https= domain=localhost:8080 remote_ip=0:0:0:0:0:0:0:1"
"INFO","http-nio-8080-exec-7","08/30/2016","14:26:35","","responsetime=33 section=home item=default https= domain=localhost:8080 remote_ip=0:0:0:0:0:0:0:1"
"INFO","http-nio-8080-exec-6","08/30/2016","14:27:17","","responsetime=3 section=home item=default https= domain=localhost:8080 remote_ip=0:0:0:0:0:0:0:1"
"INFO","http-nio-8080-exec-9","08/30/2016","14:27:21","","responsetime=4 section=home item=default https= domain=localhost:8080 remote_ip=0:0:0:0:0:0:0:1"
"INFO","http-nio-8080-exec-6","08/30/2016","14:27:22","","responsetime=3 section=home item=default https= domain=localhost:8080 remote_ip=0:0:0:0:0:0:0:1"
"INFO","http-nio-8080-exec-2","08/30/2016","14:27:23","","responsetime=6 section=home item=default https= domain=localhost:8080 remote_ip=0:0:0:0:0:0:0:1"
"INFO","http-nio-8080-exec-5","08/30/2016","14:27:24","","responsetime=2 section=home item=default https= domain=localhost:8080 remote_ip=0:0:0:0:0:0:0:1"
"INFO","http-nio-8080-exec-4","08/30/2016","14:27:25","","responsetime=3 section=home item=default https= domain=localhost:8080 remote_ip=0:0:0:0:0:0:0:1"
"INFO","http-nio-8080-exec-10","08/30/2016","14:27:26","","responsetime=4 section=home item=default https= domain=localhost:8080 remote_ip=0:0:0:0:0:0:0:1"
"INFO","http-nio-8080-exec-3","08/30/2016","14:27:27","","responsetime=5 section=home item=default https= domain=localhost:8080 remote_ip=0:0:0:0:0:0:0:1"
"INFO","http-nio-8080-exec-1","08/30/2016","14:27:28","","responsetime=3 section=home item=default https= domain=localhost:8080 remote_ip=0:0:0:0:0:0:0:1"
"INFO","http-nio-8080-exec-7","08/30/2016","14:27:29","","responsetime=2 section=home item=default https= domain=localhost:8080 remote_ip=0:0:0:0:0:0:0:1"
"INFO","http-nio-8080-exec-8","08/30/2016","14:27:30","","responsetime=2 section=home item=default https= domain=localhost:8080 remote_ip=0:0:0:0:0:0:0:1"
"INFO","http-nio-8080-exec-4","08/30/2016","14:28:12","","responsetime=7 section=home item=default https= domain=localhost:8080 remote_ip=0:0:0:0:0:0:0:1"
"INFO","http-nio-8080-exec-5","08/30/2016","14:28:16","","responsetime=5 section=home item=default https= domain=localhost:8080 remote_ip=0:0:0:0:0:0:0:1"
"INFO","http-nio-8080-exec-4","08/30/2016","14:28:17","","responsetime=4 section=home item=default https= domain=localhost:8080 remote_ip=0:0:0:0:0:0:0:1"
"INFO","http-nio-8080-exec-10","08/30/2016","14:28:18","","responsetime=6 section=home item=default https= domain=localhost:8080 remote_ip=0:0:0:0:0:0:0:1"
"INFO","http-nio-8080-exec-1","08/30/2016","14:28:19","","responsetime=13 section=home item=default https= domain=localhost:8080 remote_ip=0:0:0:0:0:0:0:1"
"INFO","http-nio-8080-exec-3","08/30/2016","14:28:21","","responsetime=7 section=home item=default https= domain=localhost:8080 remote_ip=0:0:0:0:0:0:0:1"
"INFO","http-nio-8080-exec-7","08/30/2016","14:28:29","","responsetime=6 section=home item=default https= domain=localhost:8080 remote_ip=0:0:0:0:0:0:0:1"
"INFO","http-nio-8080-exec-3","08/30/2016","14:28:31","","responsetime=7 section=home item=default https= domain=localhost:8080 remote_ip=0:0:0:0:0:0:0:1"
"INFO","http-nio-8080-exec-7","08/30/2016","14:28:34","","responsetime=4 section=home item=default https= domain=localhost:8080 remote_ip=0:0:0:0:0:0:0:1"
"INFO","http-nio-8080-exec-8","08/30/2016","14:28:35","","responsetime=8 section=home item=default https= domain=localhost:8080 remote_ip=0:0:0:0:0:0:0:1"
"INFO","http-nio-8080-exec-6","08/30/2016","14:28:36","","responsetime=11 section=home item=default https= domain=localhost:8080 remote_ip=0:0:0:0:0:0:0:1"
"INFO","http-nio-8080-exec-9","08/30/2016","14:28:37","","responsetime=8 section=home item=default https= domain=localhost:8080 remote_ip=0:0:0:0:0:0:0:1"
"INFO","http-nio-8080-exec-2","08/30/2016","14:28:38","","responsetime=5 section=home item=default https= domain=localhost:8080 remote_ip=0:0:0:0:0:0:0:1"
"INFO","http-nio-8080-exec-5","08/30/2016","14:28:39","","responsetime=4 section=home item=default https= domain=localhost:8080 remote_ip=0:0:0:0:0:0:0:1"
"INFO","http-nio-8080-exec-4","08/30/2016","14:28:40","","responsetime=4 section=home item=default https= domain=localhost:8080 remote_ip=0:0:0:0:0:0:0:1"
"INFO","http-nio-8080-exec-1","08/30/2016","14:28:41","","responsetime=5 section=home item=default https= domain=localhost:8080 remote_ip=0:0:0:0:0:0:0:1"
"INFO","http-nio-8080-exec-10","08/30/2016","14:28:42","","responsetime=5 section=home item=default https= domain=localhost:8080 remote_ip=0:0:0:0:0:0:0:1"
"INFO","http-nio-8080-exec-9","08/30/2016","14:33:35","","responsetime=48 section=home item=default https= domain=localhost:8080 remote_ip=0:0:0:0:0:0:0:1"
"INFO","http-nio-8080-exec-6","08/30/2016","14:33:37","","responsetime=2 section=home item=default https= domain=localhost:8080 remote_ip=0:0:0:0:0:0:0:1"
"INFO","http-nio-8080-exec-9","08/30/2016","14:33:42","","responsetime=4 section=home item=default https= domain=localhost:8080 remote_ip=0:0:0:0:0:0:0:1"
"INFO","http-nio-8080-exec-4","08/30/2016","14:33:46","","responsetime=6 section=home item=default https= domain=localhost:8080 remote_ip=0:0:0:0:0:0:0:1"
"INFO","http-nio-8080-exec-8","08/30/2016","14:34:15","","responsetime=10 section=home item=default https= domain=localhost:8080 remote_ip=0:0:0:0:0:0:0:1"
"INFO","http-nio-8080-exec-3","08/30/2016","14:34:16","","responsetime=3 section=home item=default https= domain=localhost:8080 remote_ip=0:0:0:0:0:0:0:1"
"INFO","http-nio-8080-exec-10","08/30/2016","14:34:17","","responsetime=3 section=home item=default https= domain=localhost:8080 remote_ip=0:0:0:0:0:0:0:1"
"INFO","http-nio-8080-exec-3","08/30/2016","14:34:25","","responsetime=2 section=home item=default https= domain=localhost:8080 remote_ip=0:0:0:0:0:0:0:1"
"INFO","http-nio-8080-exec-3","08/30/2016","14:35:36","","responsetime=22 section=home item=default https= domain=localhost:8080 remote_ip=0:0:0:0:0:0:0:1"
"INFO","http-nio-8080-exec-9","08/30/2016","14:35:38","","responsetime=3 section=home item=default https= domain=localhost:8080 remote_ip=0:0:0:0:0:0:0:1"
"INFO","http-nio-8080-exec-6","08/30/2016","14:35:39","","responsetime=2 section=home item=default https= domain=localhost:8080 remote_ip=0:0:0:0:0:0:0:1"
"INFO","http-nio-8080-exec-1","08/30/2016","14:36:02","","responsetime=88 section=home item=default https= domain=localhost:8080 remote_ip=0:0:0:0:0:0:0:1"
"INFO","http-nio-8080-exec-3","08/30/2016","14:36:34","","responsetime=29 section=home item=default https= domain=localhost:8080 remote_ip=0:0:0:0:0:0:0:1"
"INFO","http-nio-8080-exec-1","08/30/2016","14:37:38","","responsetime=3 section=home item=default https= domain=localhost:8080 remote_ip=0:0:0:0:0:0:0:1"
"INFO","http-nio-8080-exec-7","08/30/2016","14:38:08","","responsetime=4 section=home item=default https= domain=localhost:8080 remote_ip=0:0:0:0:0:0:0:1"
"INFO","http-nio-8080-exec-3","08/30/2016","14:38:13","","responsetime=2 section=home item=default https= domain=localhost:8080 remote_ip=0:0:0:0:0:0:0:1"
"INFO","http-nio-8080-exec-8","08/30/2016","14:38:28","","responsetime=3 section=home item=default https= domain=localhost:8080 remote_ip=0:0:0:0:0:0:0:1"
"INFO","http-nio-8080-exec-3","08/30/2016","18:32:55","","responsetime=34 section=home item=default https= domain=localhost:8080 remote_ip=0:0:0:0:0:0:0:1"
"INFO","http-nio-8080-exec-1","08/30/2016","18:37:04","","responsetime=89 section=home item=default https= domain=localhost:8080 remote_ip=0:0:0:0:0:0:0:1"
"INFO","http-nio-8080-exec-6","08/30/2016","18:37:49","","responsetime=57 section=home item=default https= domain=localhost:8080 remote_ip=0:0:0:0:0:0:0:1"
"INFO","http-nio-8080-exec-8","08/30/2016","18:38:25","","responsetime=22 section=home item=default https= domain=localhost:8080 remote_ip=0:0:0:0:0:0:0:1"
"INFO","http-nio-8080-exec-7","08/30/2016","18:38:53","","responsetime=54 section=home item=default https= domain=localhost:8080 remote_ip=0:0:0:0:0:0:0:1"
"INFO","http-nio-8080-exec-10","08/30/2016","18:41:09","","responsetime=34 section=home item=default https= domain=localhost:8080 remote_ip=0:0:0:0:0:0:0:1"
"INFO","http-nio-8080-exec-5","08/30/2016","18:50:00","","responsetime=42 section=home item=default https= domain=localhost:8080 remote_ip=0:0:0:0:0:0:0:1"
"INFO","http-nio-8080-exec-8","08/30/2016","18:50:17","","responsetime=10 section=home item=default https= domain=localhost:8080 remote_ip=0:0:0:0:0:0:0:1"
"INFO","http-nio-8080-exec-6","08/30/2016","18:54:36","","responsetime=7 section=home item=default https= domain=localhost:8080 remote_ip=0:0:0:0:0:0:0:1"
"INFO","http-nio-8080-exec-1","08/30/2016","19:31:45","","responsetime=10 section=home item=default https= domain=localhost:8080 remote_ip=0:0:0:0:0:0:0:1"
"INFO","http-nio-8080-exec-2","08/30/2016","19:32:24","","responsetime=13 section=home item=default https= domain=localhost:8080 remote_ip=0:0:0:0:0:0:0:1"
"INFO","http-nio-8080-exec-7","08/30/2016","19:33:37","","responsetime=3 section=home item=default https= domain=localhost:8080 remote_ip=0:0:0:0:0:0:0:1"
"INFO","http-nio-8080-exec-9","08/30/2016","19:34:11","","responsetime=11 section=home item=default https= domain=localhost:8080 remote_ip=0:0:0:0:0:0:0:1"
"INFO","http-nio-8080-exec-10","08/30/2016","21:53:37","","responsetime=40 section=home item=default https= domain=localhost:8080 remote_ip=0:0:0:0:0:0:0:1"
"INFO","http-nio-8080-exec-10","08/30/2016","21:56:23","","responsetime=196 section=error item=default https= domain=localhost:8080 remote_ip=0:0:0:0:0:0:0:1"
"INFO","http-nio-8080-exec-8","08/30/2016","21:56:33","","responsetime=16 section=home item=default https= domain=localhost:8080 remote_ip=0:0:0:0:0:0:0:1"
"INFO","http-nio-8080-exec-9","08/30/2016","21:59:19","","responsetime=3 section=home item=default https= domain=localhost:8080 remote_ip=0:0:0:0:0:0:0:1"
"INFO","http-nio-8080-exec-2","08/30/2016","22:00:51","","responsetime=133 section=home item=inventoryDetails https= domain=localhost:8080 remote_ip=0:0:0:0:0:0:0:1"
"INFO","http-nio-8080-exec-10","08/30/2016","22:01:22","","responsetime=181 section=error item=default https= domain=localhost:8080 remote_ip=0:0:0:0:0:0:0:1"
"INFO","http-nio-8080-exec-4","08/30/2016","22:01:44","","responsetime=1 section=home item=siteDetails https= domain=localhost:8080 remote_ip=0:0:0:0:0:0:0:1"
"INFO","http-nio-8080-exec-6","08/30/2016","22:02:10","","responsetime=59 section=home item=rolesDetails https= domain=localhost:8080 remote_ip=0:0:0:0:0:0:0:1"
"INFO","http-nio-8080-exec-2","08/30/2016","22:31:31","","responsetime=149 section=home item=rolesDetails https= domain=localhost:8080 remote_ip=0:0:0:0:0:0:0:1"
"INFO","http-nio-8080-exec-1","08/30/2016","22:38:01","","responsetime=198 section=error item=default https= domain=localhost:8080 remote_ip=0:0:0:0:0:0:0:1"
"INFO","http-nio-8080-exec-1","08/30/2016","22:40:18","","responsetime=242 section=error item=default https= domain=localhost:8080 remote_ip=0:0:0:0:0:0:0:1"
"INFO","http-nio-8080-exec-1","08/30/2016","22:44:02","","responsetime=175 section=error item=default https= domain=localhost:8080 remote_ip=0:0:0:0:0:0:0:1"
"INFO","http-nio-8080-exec-1","08/30/2016","22:44:45","","responsetime=235 section=error item=default https= domain=localhost:8080 remote_ip=0:0:0:0:0:0:0:1"
"INFO","http-nio-8080-exec-3","08/30/2016","22:45:07","","responsetime=62 section=error item=default https= domain=localhost:8080 remote_ip=0:0:0:0:0:0:0:1"
"INFO","http-nio-8080-exec-4","08/30/2016","22:45:11","","responsetime=119 section=home item=default https= domain=localhost:8080 remote_ip=0:0:0:0:0:0:0:1"
"INFO","http-nio-8080-exec-5","08/30/2016","22:45:11","","responsetime=50 section=error item=default https= domain=localhost:8080 remote_ip=0:0:0:0:0:0:0:1"
"INFO","http-nio-8080-exec-7","08/30/2016","22:47:29","","responsetime=8 section=home item=default https= domain=localhost:8080 remote_ip=0:0:0:0:0:0:0:1"
"INFO","http-nio-8080-exec-8","08/30/2016","22:47:29","","responsetime=75 section=error item=default https= domain=localhost:8080 remote_ip=0:0:0:0:0:0:0:1"
"INFO","http-nio-8080-exec-9","08/30/2016","22:47:29","","responsetime=40 section=error item=default https= domain=localhost:8080 remote_ip=0:0:0:0:0:0:0:1"
"INFO","http-nio-8080-exec-10","08/30/2016","22:47:29","","responsetime=88 section=error item=default https= domain=localhost:8080 remote_ip=0:0:0:0:0:0:0:1"
"INFO","http-nio-8080-exec-4","08/30/2016","22:47:44","","responsetime=8 section=home item=default https= domain=localhost:8080 remote_ip=0:0:0:0:0:0:0:1"
"INFO","http-nio-8080-exec-5","08/30/2016","22:47:44","","responsetime=52 section=error item=default https= domain=localhost:8080 remote_ip=0:0:0:0:0:0:0:1"
"INFO","http-nio-8080-exec-6","08/30/2016","22:47:44","","responsetime=36 section=error item=default https= domain=localhost:8080 remote_ip=0:0:0:0:0:0:0:1"
"INFO","http-nio-8080-exec-7","08/30/2016","22:47:44","","responsetime=54 section=error item=default https= domain=localhost:8080 remote_ip=0:0:0:0:0:0:0:1"
"INFO","http-nio-8080-exec-8","08/30/2016","22:47:49","","responsetime=44 section=home item=inventoryDetails https= domain=localhost:8080 remote_ip=0:0:0:0:0:0:0:1"
"INFO","http-nio-8080-exec-9","08/30/2016","22:47:49","","responsetime=33 section=error item=default https= domain=localhost:8080 remote_ip=0:0:0:0:0:0:0:1"
"INFO","http-nio-8080-exec-10","08/30/2016","22:47:49","","responsetime=30 section=error item=default https= domain=localhost:8080 remote_ip=0:0:0:0:0:0:0:1"
"INFO","http-nio-8080-exec-2","08/30/2016","22:47:49","","responsetime=30 section=error item=default https= domain=localhost:8080 remote_ip=0:0:0:0:0:0:0:1"
"INFO","http-nio-8080-exec-3","08/30/2016","22:47:52","","responsetime=23 section=error item=default https= domain=localhost:8080 remote_ip=0:0:0:0:0:0:0:1"
"INFO","http-nio-8080-exec-4","08/30/2016","22:49:05","","responsetime=23 section=error item=default https= domain=localhost:8080 remote_ip=0:0:0:0:0:0:0:1"
"INFO","http-nio-8080-exec-8","08/30/2016","22:49:49","","responsetime=42 section=home item=siteDetails https= domain=localhost:8080 remote_ip=0:0:0:0:0:0:0:1"
"INFO","http-nio-8080-exec-9","08/30/2016","22:49:49","","responsetime=73 section=error item=default https= domain=localhost:8080 remote_ip=0:0:0:0:0:0:0:1"
"INFO","http-nio-8080-exec-10","08/30/2016","22:49:49","","responsetime=78 section=error item=default https= domain=localhost:8080 remote_ip=0:0:0:0:0:0:0:1"
"INFO","http-nio-8080-exec-2","08/30/2016","22:49:49","","responsetime=23 section=error item=default https= domain=localhost:8080 remote_ip=0:0:0:0:0:0:0:1"
"INFO","http-nio-8080-exec-3","08/30/2016","22:50:03","","responsetime=22 section=error item=default https= domain=localhost:8080 remote_ip=0:0:0:0:0:0:0:1"
"INFO","http-nio-8080-exec-4","08/30/2016","22:50:24","","responsetime=25 section=error item=default https= domain=localhost:8080 remote_ip=0:0:0:0:0:0:0:1"
"INFO","http-nio-8080-exec-7","08/30/2016","22:50:29","","responsetime=26 section=error item=default https= domain=localhost:8080 remote_ip=0:0:0:0:0:0:0:1"
"INFO","http-nio-8080-exec-8","08/30/2016","22:50:35","","responsetime=65 section=home item=inventoryDetails https= domain=localhost:8080 remote_ip=0:0:0:0:0:0:0:1"
"INFO","http-nio-8080-exec-10","08/30/2016","22:50:35","","responsetime=46 section=error item=default https= domain=localhost:8080 remote_ip=0:0:0:0:0:0:0:1"
"INFO","http-nio-8080-exec-9","08/30/2016","22:50:35","","responsetime=24 section=error item=default https= domain=localhost:8080 remote_ip=0:0:0:0:0:0:0:1"
"INFO","http-nio-8080-exec-2","08/30/2016","22:50:35","","responsetime=47 section=error item=default https= domain=localhost:8080 remote_ip=0:0:0:0:0:0:0:1"
"INFO","http-nio-8080-exec-3","08/30/2016","22:50:43","","responsetime=13 section=home item=inventoryDetails https= domain=localhost:8080 remote_ip=0:0:0:0:0:0:0:1"
"INFO","http-nio-8080-exec-1","08/30/2016","22:50:44","","responsetime=25 section=error item=default https= domain=localhost:8080 remote_ip=0:0:0:0:0:0:0:1"
"INFO","http-nio-8080-exec-4","08/30/2016","22:50:44","","responsetime=27 section=error item=default https= domain=localhost:8080 remote_ip=0:0:0:0:0:0:0:1"
"INFO","http-nio-8080-exec-5","08/30/2016","22:50:44","","responsetime=24 section=error item=default https= domain=localhost:8080 remote_ip=0:0:0:0:0:0:0:1"
"INFO","http-nio-8080-exec-7","08/30/2016","22:52:41","","responsetime=3 section=home item=inventoryDetails https= domain=localhost:8080 remote_ip=0:0:0:0:0:0:0:1"
"INFO","http-nio-8080-exec-10","08/30/2016","22:52:41","","responsetime=51 section=error item=default https= domain=localhost:8080 remote_ip=0:0:0:0:0:0:0:1"
"INFO","http-nio-8080-exec-9","08/30/2016","22:52:41","","responsetime=59 section=error item=default https= domain=localhost:8080 remote_ip=0:0:0:0:0:0:0:1"
"INFO","http-nio-8080-exec-2","08/30/2016","22:52:41","","responsetime=54 section=error item=default https= domain=localhost:8080 remote_ip=0:0:0:0:0:0:0:1"
"INFO","http-nio-8080-exec-8","08/30/2016","22:52:41","","responsetime=50 section=error item=default https= domain=localhost:8080 remote_ip=0:0:0:0:0:0:0:1"
"INFO","http-nio-8080-exec-1","08/30/2016","22:52:41","","responsetime=16 section=error item=default https= domain=localhost:8080 remote_ip=0:0:0:0:0:0:0:1"
"INFO","http-nio-8080-exec-4","08/30/2016","22:52:41","","responsetime=22 section=error item=default https= domain=localhost:8080 remote_ip=0:0:0:0:0:0:0:1"
"INFO","http-nio-8080-exec-9","08/30/2016","22:54:10","","responsetime=3 section=home item=inventoryDetails https= domain=localhost:8080 remote_ip=0:0:0:0:0:0:0:1"
"INFO","http-nio-8080-exec-8","08/30/2016","22:54:10","","responsetime=53 section=error item=default https= domain=localhost:8080 remote_ip=0:0:0:0:0:0:0:1"
"INFO","http-nio-8080-exec-2","08/30/2016","22:54:10","","responsetime=72 section=error item=default https= domain=localhost:8080 remote_ip=0:0:0:0:0:0:0:1"
"INFO","http-nio-8080-exec-10","08/30/2016","22:54:10","","responsetime=60 section=error item=default https= domain=localhost:8080 remote_ip=0:0:0:0:0:0:0:1"
"INFO","http-nio-8080-exec-3","08/30/2016","22:54:10","","responsetime=56 section=error item=default https= domain=localhost:8080 remote_ip=0:0:0:0:0:0:0:1"
"INFO","http-nio-8080-exec-1","08/30/2016","22:54:10","","responsetime=25 section=error item=default https= domain=localhost:8080 remote_ip=0:0:0:0:0:0:0:1"
"INFO","http-nio-8080-exec-4","08/30/2016","22:54:10","","responsetime=21 section=error item=default https= domain=localhost:8080 remote_ip=0:0:0:0:0:0:0:1"
"INFO","http-nio-8080-exec-5","08/30/2016","22:54:23","","responsetime=3 section=home item=inventoryDetails https= domain=localhost:8080 remote_ip=0:0:0:0:0:0:0:1"
"INFO","http-nio-8080-exec-8","08/30/2016","22:54:23","","responsetime=17 section=error item=default https= domain=localhost:8080 remote_ip=0:0:0:0:0:0:0:1"
"INFO","http-nio-8080-exec-9","08/30/2016","22:54:23","","responsetime=29 section=error item=default https= domain=localhost:8080 remote_ip=0:0:0:0:0:0:0:1"
"INFO","http-nio-8080-exec-6","08/30/2016","22:54:23","","responsetime=22 section=error item=default https= domain=localhost:8080 remote_ip=0:0:0:0:0:0:0:1"
"INFO","http-nio-8080-exec-7","08/30/2016","22:54:23","","responsetime=35 section=error item=default https= domain=localhost:8080 remote_ip=0:0:0:0:0:0:0:1"
"INFO","http-nio-8080-exec-2","08/30/2016","22:54:23","","responsetime=21 section=error item=default https= domain=localhost:8080 remote_ip=0:0:0:0:0:0:0:1"
"INFO","http-nio-8080-exec-5","08/30/2016","22:55:15","","responsetime=15 section=home item=inventoryDetails https= domain=localhost:8080 remote_ip=0:0:0:0:0:0:0:1"
"INFO","http-nio-8080-exec-9","08/30/2016","22:55:15","","responsetime=31 section=error item=default https= domain=localhost:8080 remote_ip=0:0:0:0:0:0:0:1"
"INFO","http-nio-8080-exec-8","08/30/2016","22:55:15","","responsetime=33 section=error item=default https= domain=localhost:8080 remote_ip=0:0:0:0:0:0:0:1"
"INFO","http-nio-8080-exec-7","08/30/2016","22:55:15","","responsetime=37 section=error item=default https= domain=localhost:8080 remote_ip=0:0:0:0:0:0:0:1"
"INFO","http-nio-8080-exec-6","08/30/2016","22:55:15","","responsetime=41 section=error item=default https= domain=localhost:8080 remote_ip=0:0:0:0:0:0:0:1"
"INFO","http-nio-8080-exec-10","08/30/2016","22:55:15","","responsetime=25 section=error item=default https= domain=localhost:8080 remote_ip=0:0:0:0:0:0:0:1"
"INFO","http-nio-8080-exec-4","08/30/2016","22:55:20","","responsetime=12 section=home item=inventoryDetails https= domain=localhost:8080 remote_ip=0:0:0:0:0:0:0:1"
"INFO","http-nio-8080-exec-9","08/30/2016","22:55:21","","responsetime=24 section=error item=default https= domain=localhost:8080 remote_ip=0:0:0:0:0:0:0:1"
"INFO","http-nio-8080-exec-7","08/30/2016","22:55:21","","responsetime=45 section=error item=default https= domain=localhost:8080 remote_ip=0:0:0:0:0:0:0:1"
"INFO","http-nio-8080-exec-8","08/30/2016","22:55:21","","responsetime=38 section=error item=default https= domain=localhost:8080 remote_ip=0:0:0:0:0:0:0:1"
"INFO","http-nio-8080-exec-5","08/30/2016","22:55:21","","responsetime=103 section=error item=default https= domain=localhost:8080 remote_ip=0:0:0:0:0:0:0:1"
"INFO","http-nio-8080-exec-6","08/30/2016","22:55:21","","responsetime=23 section=error item=default https= domain=localhost:8080 remote_ip=0:0:0:0:0:0:0:1"
"INFO","http-nio-8080-exec-10","08/30/2016","22:55:21","","responsetime=21 section=error item=default https= domain=localhost:8080 remote_ip=0:0:0:0:0:0:0:1"
"INFO","http-nio-8080-exec-9","08/30/2016","22:56:14","","responsetime=3 section=home item=inventoryDetails https= domain=localhost:8080 remote_ip=0:0:0:0:0:0:0:1"
"INFO","http-nio-8080-exec-7","08/30/2016","22:56:14","","responsetime=32 section=error item=default https= domain=localhost:8080 remote_ip=0:0:0:0:0:0:0:1"
"INFO","http-nio-8080-exec-5","08/30/2016","22:56:14","","responsetime=54 section=error item=default https= domain=localhost:8080 remote_ip=0:0:0:0:0:0:0:1"
"INFO","http-nio-8080-exec-2","08/30/2016","22:56:14","","responsetime=65 section=error item=default https= domain=localhost:8080 remote_ip=0:0:0:0:0:0:0:1"
"INFO","http-nio-8080-exec-8","08/30/2016","22:56:14","","responsetime=75 section=error item=default https= domain=localhost:8080 remote_ip=0:0:0:0:0:0:0:1"
"INFO","http-nio-8080-exec-10","08/30/2016","22:56:14","","responsetime=22 section=error item=default https= domain=localhost:8080 remote_ip=0:0:0:0:0:0:0:1"
"INFO","http-nio-8080-exec-3","08/30/2016","22:56:17","","responsetime=4 section=home item=inventoryDetails https= domain=localhost:8080 remote_ip=0:0:0:0:0:0:0:1"
"INFO","http-nio-8080-exec-9","08/30/2016","22:56:17","","responsetime=25 section=error item=default https= domain=localhost:8080 remote_ip=0:0:0:0:0:0:0:1"
"INFO","http-nio-8080-exec-4","08/30/2016","22:56:17","","responsetime=30 section=error item=default https= domain=localhost:8080 remote_ip=0:0:0:0:0:0:0:1"
"INFO","http-nio-8080-exec-1","08/30/2016","22:56:17","","responsetime=48 section=error item=default https= domain=localhost:8080 remote_ip=0:0:0:0:0:0:0:1"
"INFO","http-nio-8080-exec-7","08/30/2016","22:56:17","","responsetime=48 section=error item=default https= domain=localhost:8080 remote_ip=0:0:0:0:0:0:0:1"
"INFO","http-nio-8080-exec-6","08/30/2016","22:56:17","","responsetime=23 section=error item=default https= domain=localhost:8080 remote_ip=0:0:0:0:0:0:0:1"
"INFO","http-nio-8080-exec-5","08/30/2016","22:56:17","","responsetime=19 section=error item=default https= domain=localhost:8080 remote_ip=0:0:0:0:0:0:0:1"
"INFO","http-nio-8080-exec-8","08/30/2016","22:56:52","","responsetime=4 section=home item=inventoryDetails https= domain=localhost:8080 remote_ip=0:0:0:0:0:0:0:1"
"INFO","http-nio-8080-exec-4","08/30/2016","22:56:52","","responsetime=24 section=error item=default https= domain=localhost:8080 remote_ip=0:0:0:0:0:0:0:1"
"INFO","http-nio-8080-exec-10","08/30/2016","22:56:52","","responsetime=27 section=error item=default https= domain=localhost:8080 remote_ip=0:0:0:0:0:0:0:1"
"INFO","http-nio-8080-exec-3","08/30/2016","22:56:52","","responsetime=36 section=error item=default https= domain=localhost:8080 remote_ip=0:0:0:0:0:0:0:1"
"INFO","http-nio-8080-exec-9","08/30/2016","22:56:52","","responsetime=58 section=error item=default https= domain=localhost:8080 remote_ip=0:0:0:0:0:0:0:1"
"INFO","http-nio-8080-exec-7","08/30/2016","22:56:52","","responsetime=28 section=error item=default https= domain=localhost:8080 remote_ip=0:0:0:0:0:0:0:1"
"INFO","http-nio-8080-exec-5","08/30/2016","22:57:01","","responsetime=7 section=home item=inventoryDetails https= domain=localhost:8080 remote_ip=0:0:0:0:0:0:0:1"
"INFO","http-nio-8080-exec-4","08/30/2016","22:57:01","","responsetime=31 section=error item=default https= domain=localhost:8080 remote_ip=0:0:0:0:0:0:0:1"
"INFO","http-nio-8080-exec-10","08/30/2016","22:57:01","","responsetime=49 section=error item=default https= domain=localhost:8080 remote_ip=0:0:0:0:0:0:0:1"
"INFO","http-nio-8080-exec-8","08/30/2016","22:57:01","","responsetime=51 section=error item=default https= domain=localhost:8080 remote_ip=0:0:0:0:0:0:0:1"
"INFO","http-nio-8080-exec-2","08/30/2016","22:57:01","","responsetime=42 section=error item=default https= domain=localhost:8080 remote_ip=0:0:0:0:0:0:0:1"
"INFO","http-nio-8080-exec-3","08/30/2016","22:57:02","","responsetime=20 section=error item=default https= domain=localhost:8080 remote_ip=0:0:0:0:0:0:0:1"
"INFO","http-nio-8080-exec-9","08/30/2016","22:57:02","","responsetime=22 section=error item=default https= domain=localhost:8080 remote_ip=0:0:0:0:0:0:0:1"
"INFO","http-nio-8080-exec-7","08/30/2016","22:57:09","","responsetime=19 section=error item=default https= domain=localhost:8080 remote_ip=0:0:0:0:0:0:0:1"
"INFO","http-nio-8080-exec-1","08/30/2016","22:57:18","","responsetime=13 section=error item=default https= domain=localhost:8080 remote_ip=0:0:0:0:0:0:0:1"
"INFO","http-nio-8080-exec-2","08/30/2016","22:58:35","","responsetime=29 section=error item=default https= domain=localhost:8080 remote_ip=0:0:0:0:0:0:0:1"
"INFO","http-nio-8080-exec-1","08/30/2016","23:02:18","","responsetime=184 section=error item=default https= domain=localhost:8080 remote_ip=0:0:0:0:0:0:0:1"
"INFO","http-nio-8080-exec-3","08/30/2016","23:02:50","","responsetime=65 section=error item=default https= domain=localhost:8080 remote_ip=0:0:0:0:0:0:0:1"
"INFO","http-nio-8080-exec-4","08/30/2016","23:02:58","","responsetime=46 section=error item=default https= domain=localhost:8080 remote_ip=0:0:0:0:0:0:0:1"
"INFO","http-nio-8080-exec-5","08/30/2016","23:03:08","","responsetime=259 section=home item=inventoryDetails https= domain=localhost:8080 remote_ip=0:0:0:0:0:0:0:1"
"INFO","http-nio-8080-exec-6","08/30/2016","23:03:08","","responsetime=28 section=error item=default https= domain=localhost:8080 remote_ip=0:0:0:0:0:0:0:1"
"INFO","http-nio-8080-exec-7","08/30/2016","23:03:08","","responsetime=37 section=error item=default https= domain=localhost:8080 remote_ip=0:0:0:0:0:0:0:1"
"INFO","http-nio-8080-exec-8","08/30/2016","23:03:08","","responsetime=42 section=error item=default https= domain=localhost:8080 remote_ip=0:0:0:0:0:0:0:1"
"INFO","http-nio-8080-exec-9","08/30/2016","23:03:08","","responsetime=49 section=error item=default https= domain=localhost:8080 remote_ip=0:0:0:0:0:0:0:1"
"INFO","http-nio-8080-exec-2","08/30/2016","23:03:08","","responsetime=38 section=error item=default https= domain=localhost:8080 remote_ip=0:0:0:0:0:0:0:1"
"INFO","http-nio-8080-exec-3","08/30/2016","23:03:08","","responsetime=35 section=error item=default https= domain=localhost:8080 remote_ip=0:0:0:0:0:0:0:1"
"INFO","http-nio-8080-exec-1","08/30/2016","23:05:46","","responsetime=196 section=error item=default https= domain=localhost:8080 remote_ip=0:0:0:0:0:0:0:1"
"INFO","http-nio-8080-exec-2","08/30/2016","23:11:19","","responsetime=107 section=home item=inventoryDetails https= domain=localhost:8080 remote_ip=0:0:0:0:0:0:0:1"
"INFO","http-nio-8080-exec-7","08/30/2016","23:11:36","","responsetime=16 section=home item=inventoryDetails https= domain=localhost:8080 remote_ip=0:0:0:0:0:0:0:1"
"INFO","http-nio-8080-exec-1","08/30/2016","23:22:28","","responsetime=10 section=home item=inventoryDetails https= domain=localhost:8080 remote_ip=0:0:0:0:0:0:0:1"
"INFO","http-nio-8080-exec-4","08/30/2016","23:23:25","","responsetime=66 section=home item=siteDetails https= domain=localhost:8080 remote_ip=0:0:0:0:0:0:0:1"
"INFO","http-nio-8080-exec-8","08/30/2016","23:34:07","","responsetime=12 section=home item=siteDetails https= domain=localhost:8080 remote_ip=0:0:0:0:0:0:0:1"
"INFO","http-nio-8080-exec-9","08/30/2016","23:36:33","","responsetime=6 section=home item=siteDetails https= domain=localhost:8080 remote_ip=0:0:0:0:0:0:0:1"
"INFO","http-nio-8080-exec-1","08/30/2016","23:36:41","","responsetime=8 section=home item=siteDetails https= domain=localhost:8080 remote_ip=0:0:0:0:0:0:0:1"
"INFO","http-nio-8080-exec-4","08/30/2016","23:36:52","","responsetime=10 section=home item=inventoryDetails https= domain=localhost:8080 remote_ip=0:0:0:0:0:0:0:1"
"INFO","http-nio-8080-exec-3","08/30/2016","23:36:58","","responsetime=8 section=home item=siteDetails https= domain=localhost:8080 remote_ip=0:0:0:0:0:0:0:1"
"INFO","http-nio-8080-exec-1","08/30/2016","23:38:01","","responsetime=6 section=home item=siteDetails https= domain=localhost:8080 remote_ip=0:0:0:0:0:0:0:1"
"INFO","http-nio-8080-exec-7","08/30/2016","23:39:13","","responsetime=33 section=home item=siteDetails https= domain=localhost:8080 remote_ip=0:0:0:0:0:0:0:1"
"INFO","http-nio-8080-exec-10","08/30/2016","23:39:14","","responsetime=45 section=home item=rolesDetails https= domain=localhost:8080 remote_ip=0:0:0:0:0:0:0:1"
"INFO","http-nio-8080-exec-7","08/30/2016","23:40:16","","responsetime=6 section=home item=rolesDetails https= domain=localhost:8080 remote_ip=0:0:0:0:0:0:0:1"
"INFO","http-nio-8080-exec-4","08/30/2016","23:40:18","","responsetime=69 section=home item=inventoryDetails https= domain=localhost:8080 remote_ip=0:0:0:0:0:0:0:1"
"INFO","http-nio-8080-exec-8","08/30/2016","23:40:20","","responsetime=6 section=home item=siteDetails https= domain=localhost:8080 remote_ip=0:0:0:0:0:0:0:1"
"INFO","http-nio-8080-exec-9","08/30/2016","23:40:21","","responsetime=4 section=home item=inventoryDetails https= domain=localhost:8080 remote_ip=0:0:0:0:0:0:0:1"
"INFO","http-nio-8080-exec-5","08/30/2016","23:40:27","","responsetime=7 section=home item=siteDetails https= domain=localhost:8080 remote_ip=0:0:0:0:0:0:0:1"
"INFO","http-nio-8080-exec-4","08/30/2016","23:40:52","","responsetime=7 section=home item=siteDetails https= domain=localhost:8080 remote_ip=0:0:0:0:0:0:0:1"
"INFO","http-nio-8080-exec-5","08/30/2016","23:40:55","","responsetime=6 section=home item=inventoryDetails https= domain=localhost:8080 remote_ip=0:0:0:0:0:0:0:1"
"INFO","http-nio-8080-exec-10","08/30/2016","23:40:58","","responsetime=4 section=home item=siteDetails https= domain=localhost:8080 remote_ip=0:0:0:0:0:0:0:1"
"INFO","http-nio-8080-exec-1","08/30/2016","23:40:59","","responsetime=4 section=home item=inventoryDetails https= domain=localhost:8080 remote_ip=0:0:0:0:0:0:0:1"
"INFO","http-nio-8080-exec-6","08/30/2016","23:41:00","","responsetime=4 section=home item=siteDetails https= domain=localhost:8080 remote_ip=0:0:0:0:0:0:0:1"
"INFO","http-nio-8080-exec-7","08/30/2016","23:41:02","","responsetime=6 section=home item=inventoryDetails https= domain=localhost:8080 remote_ip=0:0:0:0:0:0:0:1"
"INFO","http-nio-8080-exec-8","08/30/2016","23:41:03","","responsetime=5 section=home item=siteDetails https= domain=localhost:8080 remote_ip=0:0:0:0:0:0:0:1"
"INFO","http-nio-8080-exec-3","08/30/2016","23:41:04","","responsetime=4 section=home item=inventoryDetails https= domain=localhost:8080 remote_ip=0:0:0:0:0:0:0:1"
"INFO","http-nio-8080-exec-5","08/30/2016","23:41:08","","responsetime=5 section=home item=siteDetails https= domain=localhost:8080 remote_ip=0:0:0:0:0:0:0:1"
"INFO","http-nio-8080-exec-2","08/30/2016","23:41:10","","responsetime=7 section=home item=inventoryDetails https= domain=localhost:8080 remote_ip=0:0:0:0:0:0:0:1"
"INFO","http-nio-8080-exec-7","08/30/2016","23:41:13","","responsetime=4 section=home item=siteDetails https= domain=localhost:8080 remote_ip=0:0:0:0:0:0:0:1"
"INFO","http-nio-8080-exec-9","08/30/2016","23:41:25","","responsetime=5 section=home item=siteDetails https= domain=localhost:8080 remote_ip=0:0:0:0:0:0:0:1"
"INFO","http-nio-8080-exec-6","08/30/2016","23:41:26","","responsetime=3 section=home item=siteDetails https= domain=localhost:8080 remote_ip=0:0:0:0:0:0:0:1"
"INFO","http-nio-8080-exec-4","08/30/2016","23:41:27","","responsetime=6 section=home item=inventoryDetails https= domain=localhost:8080 remote_ip=0:0:0:0:0:0:0:1"
"INFO","http-nio-8080-exec-7","08/30/2016","23:41:28","","responsetime=6 section=home item=siteDetails https= domain=localhost:8080 remote_ip=0:0:0:0:0:0:0:1"
"INFO","http-nio-8080-exec-9","08/30/2016","23:41:30","","responsetime=3 section=home item=inventoryDetails https= domain=localhost:8080 remote_ip=0:0:0:0:0:0:0:1"
"INFO","http-nio-8080-exec-2","08/30/2016","23:41:33","","responsetime=4 section=home item=siteDetails https= domain=localhost:8080 remote_ip=0:0:0:0:0:0:0:1"
"INFO","http-nio-8080-exec-3","08/30/2016","23:41:35","","responsetime=2 section=home item=siteDetails https= domain=localhost:8080 remote_ip=0:0:0:0:0:0:0:1"
"INFO","http-nio-8080-exec-8","08/30/2016","23:42:01","","responsetime=4 section=home item=siteDetails https= domain=localhost:8080 remote_ip=0:0:0:0:0:0:0:1"
"INFO","http-nio-8080-exec-10","08/30/2016","23:42:03","","responsetime=3 section=home item=siteDetails https= domain=localhost:8080 remote_ip=0:0:0:0:0:0:0:1"
"INFO","http-nio-8080-exec-1","08/30/2016","23:42:05","","responsetime=4 section=home item=inventoryDetails https= domain=localhost:8080 remote_ip=0:0:0:0:0:0:0:1"
"INFO","http-nio-8080-exec-7","08/30/2016","23:42:06","","responsetime=3 section=home item=siteDetails https= domain=localhost:8080 remote_ip=0:0:0:0:0:0:0:1"
"INFO","http-nio-8080-exec-5","08/30/2016","23:42:07","","responsetime=3 section=home item=rolesDetails https= domain=localhost:8080 remote_ip=0:0:0:0:0:0:0:1"
"INFO","http-nio-8080-exec-1","08/30/2016","23:44:03","","responsetime=2 section=home item=siteDetails https= domain=localhost:8080 remote_ip=0:0:0:0:0:0:0:1"
"INFO","http-nio-8080-exec-7","08/30/2016","23:44:05","","responsetime=4 section=home item=inventoryDetails https= domain=localhost:8080 remote_ip=0:0:0:0:0:0:0:1"
"INFO","http-nio-8080-exec-5","08/30/2016","23:44:06","","responsetime=3 section=home item=rolesDetails https= domain=localhost:8080 remote_ip=0:0:0:0:0:0:0:1"
"INFO","http-nio-8080-exec-2","08/30/2016","23:44:09","","responsetime=4 section=home item=rolesDetails https= domain=localhost:8080 remote_ip=0:0:0:0:0:0:0:1"
"INFO","http-nio-8080-exec-9","08/30/2016","23:44:18","","responsetime=4 section=home item=inventoryDetails https= domain=localhost:8080 remote_ip=0:0:0:0:0:0:0:1"
"INFO","http-nio-8080-exec-10","08/30/2016","23:44:20","","responsetime=4 section=home item=inventoryDetails https= domain=localhost:8080 remote_ip=0:0:0:0:0:0:0:1"
"INFO","http-nio-8080-exec-1","08/30/2016","23:49:29","","responsetime=36 section=home item=inventoryDetails https= domain=localhost:8080 remote_ip=0:0:0:0:0:0:0:1"
"INFO","http-nio-8080-exec-6","08/30/2016","23:49:30","","responsetime=76 section=home item=default https= domain=localhost:8080 remote_ip=0:0:0:0:0:0:0:1"
"INFO","http-nio-8080-exec-4","08/30/2016","23:49:36","","responsetime=5 section=home item=default https= domain=localhost:8080 remote_ip=0:0:0:0:0:0:0:1"
"INFO","http-nio-8080-exec-2","08/30/2016","23:50:18","","responsetime=51 section=home item=rolesDetails https= domain=localhost:8080 remote_ip=0:0:0:0:0:0:0:1"
"INFO","http-nio-8080-exec-6","08/30/2016","23:53:09","","responsetime=76 section=home item=rolesDetails https= domain=localhost:8080 remote_ip=0:0:0:0:0:0:0:1"
"INFO","http-nio-8080-exec-10","08/30/2016","23:53:10","","responsetime=6 section=home item=rolesDetails https= domain=localhost:8080 remote_ip=0:0:0:0:0:0:0:1"
"INFO","http-nio-8080-exec-8","08/30/2016","23:55:29","","responsetime=4 section=home item=rolesDetails https= domain=localhost:8080 remote_ip=0:0:0:0:0:0:0:1"
"INFO","http-nio-8080-exec-2","08/30/2016","23:56:20","","responsetime=18 section=home item=rolesDetails https= domain=localhost:8080 remote_ip=0:0:0:0:0:0:0:1"
"INFO","http-nio-8080-exec-6","08/30/2016","23:57:18","","responsetime=21 section=home item=rolesDetails https= domain=localhost:8080 remote_ip=0:0:0:0:0:0:0:1"
"INFO","http-nio-8080-exec-2","08/30/2016","23:57:20","","responsetime=11 section=home item=disposalDocumentation https= domain=localhost:8080 remote_ip=0:0:0:0:0:0:0:1"
"INFO","http-nio-8080-exec-5","08/30/2016","23:57:27","","responsetime=60 section=home item=default https= domain=localhost:8080 remote_ip=0:0:0:0:0:0:0:1"
"INFO","http-nio-8080-exec-4","08/30/2016","23:57:31","","responsetime=50 section=home item=locationDetails https= domain=localhost:8080 remote_ip=0:0:0:0:0:0:0:1"
"INFO","http-nio-8080-exec-10","08/30/2016","23:58:16","","responsetime=23 section=home item=locationDetails https= domain=localhost:8080 remote_ip=0:0:0:0:0:0:0:1"
"INFO","http-nio-8080-exec-9","08/30/2016","23:58:19","","responsetime=3 section=home item=locationDetails https= domain=localhost:8080 remote_ip=0:0:0:0:0:0:0:1"
"INFO","http-nio-8080-exec-2","08/30/2016","23:59:29","","responsetime=32 section=home item=locationDetails https= domain=localhost:8080 remote_ip=0:0:0:0:0:0:0:1"
"INFO","http-nio-8080-exec-8","08/31/2016","00:00:04","","responsetime=4 section=home item=locationDetails https= domain=localhost:8080 remote_ip=0:0:0:0:0:0:0:1"
"INFO","http-nio-8080-exec-3","08/31/2016","00:00:09","","responsetime=57 section=home item=inventoryDetails https= domain=localhost:8080 remote_ip=0:0:0:0:0:0:0:1"
"INFO","http-nio-8080-exec-7","08/31/2016","00:00:10","","responsetime=46 section=home item=siteDetails https= domain=localhost:8080 remote_ip=0:0:0:0:0:0:0:1"
"INFO","http-nio-8080-exec-1","08/31/2016","00:00:41","","responsetime=13 section=home item=default https= domain=localhost:8080 remote_ip=0:0:0:0:0:0:0:1"
"INFO","http-nio-8080-exec-2","08/31/2016","00:00:43","","responsetime=2 section=home item=locationDetails https= domain=localhost:8080 remote_ip=0:0:0:0:0:0:0:1"
"INFO","http-nio-8080-exec-8","08/31/2016","00:00:44","","responsetime=286 section=error item=default https= domain=localhost:8080 remote_ip=0:0:0:0:0:0:0:1"
"INFO","http-nio-8080-exec-10","08/31/2016","00:01:34","","responsetime=122 section=error item=default https= domain=localhost:8080 remote_ip=0:0:0:0:0:0:0:1"
"INFO","http-nio-8080-exec-5","08/31/2016","00:02:34","","responsetime=23 section=home item=addDocumentation https= domain=localhost:8080 remote_ip=0:0:0:0:0:0:0:1"
"INFO","http-nio-8080-exec-9","08/31/2016","00:02:51","","responsetime=27 section=home item=addDocumentation https= domain=localhost:8080 remote_ip=0:0:0:0:0:0:0:1"
"INFO","http-nio-8080-exec-2","08/31/2016","00:04:12","","responsetime=8 section=home item=addDocumentation https= domain=localhost:8080 remote_ip=0:0:0:0:0:0:0:1"
"INFO","http-nio-8080-exec-8","08/31/2016","00:05:07","","responsetime=65 section=home item=contractorDocumentation https= domain=localhost:8080 remote_ip=0:0:0:0:0:0:0:1"
"INFO","http-nio-8080-exec-10","08/31/2016","00:06:25","","responsetime=12 section=home item=contractorDocumentation https= domain=localhost:8080 remote_ip=0:0:0:0:0:0:0:1"
"INFO","http-nio-8080-exec-7","08/31/2016","00:06:33","","responsetime=122 section=error item=default https= domain=localhost:8080 remote_ip=0:0:0:0:0:0:0:1"
"INFO","http-nio-8080-exec-1","08/31/2016","00:07:13","","responsetime=31 section=error item=default https= domain=localhost:8080 remote_ip=0:0:0:0:0:0:0:1"
"INFO","http-nio-8080-exec-8","08/31/2016","00:07:21","","responsetime=28 section=error item=default https= domain=localhost:8080 remote_ip=0:0:0:0:0:0:0:1"
"INFO","http-nio-8080-exec-10","08/31/2016","00:07:58","","responsetime=40 section=home item=default https= domain=localhost:8080 remote_ip=0:0:0:0:0:0:0:1"
"INFO","http-nio-8080-exec-6","08/31/2016","00:08:00","","responsetime=40 section=error item=default https= domain=localhost:8080 remote_ip=0:0:0:0:0:0:0:1"
"INFO","http-nio-8080-exec-1","08/31/2016","00:08:11","","responsetime=89 section=home item=inventoryDocumentation https= domain=localhost:8080 remote_ip=0:0:0:0:0:0:0:1"
"INFO","http-nio-8080-exec-8","08/31/2016","00:09:10","","responsetime=38 section=home item=inventoryDocumentation https= domain=localhost:8080 remote_ip=0:0:0:0:0:0:0:1"
"INFO","http-nio-8080-exec-3","08/31/2016","00:09:13","","responsetime=31 section=home item=inventoryDetails https= domain=localhost:8080 remote_ip=0:0:0:0:0:0:0:1"
"INFO","http-nio-8080-exec-5","08/31/2016","00:09:15","","responsetime=70 section=home item=siteDetails https= domain=localhost:8080 remote_ip=0:0:0:0:0:0:0:1"
"INFO","http-nio-8080-exec-6","08/31/2016","00:09:16","","responsetime=19 section=home item=rolesDetails https= domain=localhost:8080 remote_ip=0:0:0:0:0:0:0:1"
"INFO","http-nio-8080-exec-9","08/31/2016","00:09:17","","responsetime=32 section=home item=default https= domain=localhost:8080 remote_ip=0:0:0:0:0:0:0:1"
"INFO","http-nio-8080-exec-4","08/31/2016","00:09:20","","responsetime=27 section=home item=locationDetails https= domain=localhost:8080 remote_ip=0:0:0:0:0:0:0:1"
"INFO","http-nio-8080-exec-1","08/31/2016","00:09:22","","responsetime=43 section=home item=addDocumentation https= domain=localhost:8080 remote_ip=0:0:0:0:0:0:0:1"
"INFO","http-nio-8080-exec-8","08/31/2016","00:09:24","","responsetime=12 section=home item=contractorDocumentation https= domain=localhost:8080 remote_ip=0:0:0:0:0:0:0:1"
"INFO","http-nio-8080-exec-10","08/31/2016","00:09:28","","responsetime=70 section=home item=disposalDocumentation https= domain=localhost:8080 remote_ip=0:0:0:0:0:0:0:1"
"INFO","http-nio-8080-exec-6","08/31/2016","00:09:30","","responsetime=11 section=home item=contractorDocumentation https= domain=localhost:8080 remote_ip=0:0:0:0:0:0:0:1"
"INFO","http-nio-8080-exec-2","08/31/2016","00:09:32","","responsetime=48 section=home item=inventoryDocumentation https= domain=localhost:8080 remote_ip=0:0:0:0:0:0:0:1"
"INFO","http-nio-8080-exec-3","08/31/2016","00:09:38","","responsetime=3 section=home item=disposalDocumentation https= domain=localhost:8080 remote_ip=0:0:0:0:0:0:0:1"
"INFO","http-nio-8080-exec-5","08/31/2016","00:10:03","","responsetime=53 section=home item=disposalDocumentation https= domain=localhost:8080 remote_ip=0:0:0:0:0:0:0:1"
"INFO","http-nio-8080-exec-6","08/31/2016","00:10:29","","responsetime=4 section=home item=disposalDocumentation https= domain=localhost:8080 remote_ip=0:0:0:0:0:0:0:1"
"INFO","http-nio-8080-exec-8","08/31/2016","00:10:34","","responsetime=32 section=home item=inventoryDetails https= domain=localhost:8080 remote_ip=0:0:0:0:0:0:0:1"
"INFO","http-nio-8080-exec-6","08/31/2016","00:10:35","","responsetime=45 section=home item=siteDetails https= domain=localhost:8080 remote_ip=0:0:0:0:0:0:0:1"
"INFO","http-nio-8080-exec-9","08/31/2016","00:10:37","","responsetime=42 section=home item=rolesDetails https= domain=localhost:8080 remote_ip=0:0:0:0:0:0:0:1"
"INFO","http-nio-8080-exec-7","08/31/2016","14:29:45","","responsetime=76 section=home item=rolesDetails https= domain=localhost:8080 remote_ip=0:0:0:0:0:0:0:1"
"INFO","http-nio-8080-exec-6","08/31/2016","14:29:47","","responsetime=3 section=home item=siteDetails https= domain=localhost:8080 remote_ip=0:0:0:0:0:0:0:1"
"INFO","http-nio-8080-exec-4","08/31/2016","14:29:48","","responsetime=3 section=home item=rolesDetails https= domain=localhost:8080 remote_ip=0:0:0:0:0:0:0:1"
"INFO","http-nio-8080-exec-3","08/31/2016","22:19:00","","responsetime=185 section=home item=rolesDetails https= domain=localhost:8080 remote_ip=0:0:0:0:0:0:0:1"
"INFO","http-nio-8080-exec-6","08/31/2016","22:20:35","","responsetime=1084 section=home item=rolesDetails https= domain=localhost:8080 remote_ip=0:0:0:0:0:0:0:1"
"INFO","http-nio-8080-exec-8","08/31/2016","22:20:36","","responsetime=217 section=home item=default https= domain=localhost:8080 remote_ip=0:0:0:0:0:0:0:1"
"INFO","http-nio-8080-exec-7","08/31/2016","22:34:22","","responsetime=660 section=home item=default https= domain=localhost:8080 remote_ip=0:0:0:0:0:0:0:1"
"INFO","http-nio-8080-exec-2","08/31/2016","22:34:26","","responsetime=66 section=home item=siteDetails https= domain=localhost:8080 remote_ip=0:0:0:0:0:0:0:1"
"INFO","http-nio-8080-exec-10","08/31/2016","22:34:29","","responsetime=31 section=home item=rolesDetails https= domain=localhost:8080 remote_ip=0:0:0:0:0:0:0:1"
"INFO","http-nio-8080-exec-5","08/31/2016","22:34:30","","responsetime=14 section=home item=default https= domain=localhost:8080 remote_ip=0:0:0:0:0:0:0:1"
"INFO","http-nio-8080-exec-4","08/31/2016","22:34:37","","responsetime=76 section=home item=inventoryDetails https= domain=localhost:8080 remote_ip=0:0:0:0:0:0:0:1"
"INFO","http-nio-8080-exec-2","08/31/2016","22:34:42","","responsetime=64 section=home item=contractorDocumentation https= domain=localhost:8080 remote_ip=0:0:0:0:0:0:0:1"
"INFO","http-nio-8080-exec-4","08/31/2016","22:35:26","","responsetime=14 section=home item=contractorDocumentation https= domain=localhost:8080 remote_ip=0:0:0:0:0:0:0:1"
"INFO","http-nio-8080-exec-6","08/31/2016","22:35:32","","responsetime=33 section=home item=inventoryDocumentation https= domain=localhost:8080 remote_ip=0:0:0:0:0:0:0:1"
"INFO","http-nio-8080-exec-9","08/31/2016","22:35:34","","responsetime=45 section=home item=disposalDocumentation https= domain=localhost:8080 remote_ip=0:0:0:0:0:0:0:1"
"INFO","http-nio-8080-exec-5","08/31/2016","22:36:15","","responsetime=49 section=home item=disposalDocumentation https= domain=localhost:8080 remote_ip=0:0:0:0:0:0:0:1"
"INFO","http-nio-8080-exec-8","08/31/2016","22:36:17","","responsetime=5 section=home item=default https= domain=localhost:8080 remote_ip=0:0:0:0:0:0:0:1"
"INFO","http-nio-8080-exec-5","08/31/2016","22:36:19","","responsetime=5 section=home item=inventoryDetails https= domain=localhost:8080 remote_ip=0:0:0:0:0:0:0:1"
"INFO","http-nio-8080-exec-4","08/31/2016","22:36:22","","responsetime=5 section=home item=default https= domain=localhost:8080 remote_ip=0:0:0:0:0:0:0:1"
"INFO","http-nio-8080-exec-2","08/31/2016","22:39:06","","responsetime=81 section=home item=default https= domain=localhost:8080 remote_ip=0:0:0:0:0:0:0:1"
"INFO","http-nio-8080-exec-7","08/31/2016","22:39:09","","responsetime=8 section=home item=default https= domain=localhost:8080 remote_ip=0:0:0:0:0:0:0:1"
"INFO","http-nio-8080-exec-1","08/31/2016","22:43:44","","responsetime=2 section=home item=default https= domain=localhost:8080 remote_ip=0:0:0:0:0:0:0:1"
"INFO","http-nio-8080-exec-3","08/31/2016","22:44:15","","responsetime=23 section=home item=default https= domain=localhost:8080 remote_ip=0:0:0:0:0:0:0:1"
"INFO","http-nio-8080-exec-9","08/31/2016","22:44:19","","responsetime=9 section=home item=rolesDetails https= domain=localhost:8080 remote_ip=0:0:0:0:0:0:0:1"
"INFO","http-nio-8080-exec-3","08/31/2016","22:44:21","","responsetime=2 section=home item=rolesDetails https= domain=localhost:8080 remote_ip=0:0:0:0:0:0:0:1"
"INFO","http-nio-8080-exec-4","08/31/2016","22:44:25","","responsetime=3 section=home item=rolesDetails https= domain=localhost:8080 remote_ip=0:0:0:0:0:0:0:1"
"INFO","http-nio-8080-exec-1","08/31/2016","22:50:15","","responsetime=160 section=home item=rolesDetails https= domain=localhost:8080 remote_ip=0:0:0:0:0:0:0:1"
"INFO","http-nio-8080-exec-5","08/31/2016","22:50:18","","responsetime=3 section=home item=rolesDetails https= domain=localhost:8080 remote_ip=0:0:0:0:0:0:0:1"
"INFO","http-nio-8080-exec-7","08/31/2016","22:51:13","","responsetime=3 section=home item=rolesDetails https= domain=localhost:8080 remote_ip=0:0:0:0:0:0:0:1"
"INFO","http-nio-8080-exec-2","08/31/2016","22:54:41","","responsetime=142 section=home item=rolesDetails https= domain=localhost:8080 remote_ip=0:0:0:0:0:0:0:1"
"INFO","http-nio-8080-exec-3","08/31/2016","22:54:43","","responsetime=8 section=home item=rolesDetails https= domain=localhost:8080 remote_ip=0:0:0:0:0:0:0:1"
"INFO","http-nio-8080-exec-5","08/31/2016","22:54:44","","responsetime=3 section=home item=rolesDetails https= domain=localhost:8080 remote_ip=0:0:0:0:0:0:0:1"
"INFO","http-nio-8080-exec-9","08/31/2016","22:54:45","","responsetime=3 section=home item=rolesDetails https= domain=localhost:8080 remote_ip=0:0:0:0:0:0:0:1"
"INFO","http-nio-8080-exec-8","08/31/2016","22:54:49","","responsetime=4 section=home item=rolesDetails https= domain=localhost:8080 remote_ip=0:0:0:0:0:0:0:1"
"INFO","http-nio-8080-exec-10","08/31/2016","22:55:13","","responsetime=26 section=home item=rolesDetails https= domain=localhost:8080 remote_ip=0:0:0:0:0:0:0:1"
"INFO","http-nio-8080-exec-6","08/31/2016","22:57:01","","responsetime=16 section=home item=rolesDetails https= domain=localhost:8080 remote_ip=0:0:0:0:0:0:0:1"
"INFO","http-nio-8080-exec-8","08/31/2016","23:06:19","","responsetime=138 section=home item=rolesDetails https= domain=localhost:8080 remote_ip=0:0:0:0:0:0:0:1"
"INFO","http-nio-8080-exec-10","08/31/2016","23:09:17","","responsetime=15 section=home item=rolesDetails https= domain=localhost:8080 remote_ip=0:0:0:0:0:0:0:1"
"INFO","http-nio-8080-exec-5","08/31/2016","23:09:18","","responsetime=2 section=home item=rolesDetails https= domain=localhost:8080 remote_ip=0:0:0:0:0:0:0:1"
"INFO","http-nio-8080-exec-8","08/31/2016","23:09:20","","responsetime=3 section=home item=rolesDetails https= domain=localhost:8080 remote_ip=0:0:0:0:0:0:0:1"
"INFO","http-nio-8080-exec-7","08/31/2016","23:09:27","","responsetime=3 section=home item=rolesDetails https= domain=localhost:8080 remote_ip=0:0:0:0:0:0:0:1"
"INFO","http-nio-8080-exec-4","08/31/2016","23:09:39","","responsetime=98 section=home item=rolesDetails https= domain=localhost:8080 remote_ip=0:0:0:0:0:0:0:1"
"INFO","http-nio-8080-exec-1","08/31/2016","23:15:20","","responsetime=107 section=home item=rolesDetails https= domain=localhost:8080 remote_ip=0:0:0:0:0:0:0:1"
"INFO","http-nio-8080-exec-2","08/31/2016","23:16:24","","responsetime=13 section=home item=rolesDetails https= domain=localhost:8080 remote_ip=0:0:0:0:0:0:0:1"
"INFO","http-nio-8080-exec-5","08/31/2016","23:18:55","","responsetime=10 section=home item=rolesDetails https= domain=localhost:8080 remote_ip=0:0:0:0:0:0:0:1"
"INFO","http-nio-8080-exec-9","09/01/2016","22:30:19","","responsetime=927 section=home item=default https= domain=localhost:8080 remote_ip=0:0:0:0:0:0:0:1"
"INFO","http-nio-8080-exec-1","09/02/2016","22:19:38","","responsetime=139 section=home item=default https= domain=localhost:8080 remote_ip=0:0:0:0:0:0:0:1"
"INFO","http-nio-8080-exec-5","09/02/2016","22:20:12","","responsetime=34 section=home item=rolesDetails https= domain=localhost:8080 remote_ip=0:0:0:0:0:0:0:1"
"INFO","http-nio-8080-exec-9","09/02/2016","22:24:18","","responsetime=10 section=home item=rolesDetails https= domain=localhost:8080 remote_ip=0:0:0:0:0:0:0:1"
"INFO","http-nio-8080-exec-1","09/02/2016","22:25:58","","responsetime=164 section=home item=rolesDetails https= domain=localhost:8080 remote_ip=0:0:0:0:0:0:0:1"
"INFO","http-nio-8080-exec-8","09/02/2016","22:29:03","","responsetime=129 section=home item=rolesDetails https= domain=localhost:8080 remote_ip=0:0:0:0:0:0:0:1"
"INFO","http-nio-8080-exec-6","09/02/2016","22:29:46","","responsetime=256 section=home item=rolesDetails https= domain=localhost:8080 remote_ip=0:0:0:0:0:0:0:1"
"INFO","http-nio-8080-exec-4","09/02/2016","22:38:18","","responsetime=85 section=home item=rolesDetails https= domain=localhost:8080 remote_ip=0:0:0:0:0:0:0:1"
"INFO","http-nio-8080-exec-6","09/02/2016","22:40:22","","responsetime=6 section=home item=rolesDetails https= domain=localhost:8080 remote_ip=0:0:0:0:0:0:0:1"
"INFO","http-nio-8080-exec-4","09/02/2016","22:46:55","","responsetime=63 section=home item=rolesDetails https= domain=localhost:8080 remote_ip=0:0:0:0:0:0:0:1"
"INFO","http-nio-8080-exec-4","09/02/2016","22:47:48","","responsetime=6 section=home item=rolesDetails https= domain=localhost:8080 remote_ip=0:0:0:0:0:0:0:1"
"INFO","http-nio-8080-exec-5","09/02/2016","23:00:15","","responsetime=227 section=home item=rolesDetails https= domain=localhost:8080 remote_ip=0:0:0:0:0:0:0:1"
"INFO","http-nio-8080-exec-5","09/02/2016","23:02:39","","responsetime=18 section=home item=rolesDetails https= domain=localhost:8080 remote_ip=0:0:0:0:0:0:0:1"
"INFO","http-nio-8080-exec-7","09/02/2016","23:03:31","","responsetime=22 section=home item=rolesDetails https= domain=localhost:8080 remote_ip=0:0:0:0:0:0:0:1"
"INFO","http-nio-8080-exec-10","09/02/2016","23:03:33","","responsetime=30 section=home item=changePasswordLbox https= domain=localhost:8080 remote_ip=0:0:0:0:0:0:0:1"
"INFO","http-nio-8080-exec-8","09/02/2016","23:05:06","","responsetime=5 section=home item=rolesDetails https= domain=localhost:8080 remote_ip=0:0:0:0:0:0:0:1"
"INFO","http-nio-8080-exec-7","09/02/2016","23:05:09","","responsetime=6 section=home item=changePasswordLbox https= domain=localhost:8080 remote_ip=0:0:0:0:0:0:0:1"
"INFO","http-nio-8080-exec-9","09/02/2016","23:05:51","","responsetime=4 section=home item=rolesDetails https= domain=localhost:8080 remote_ip=0:0:0:0:0:0:0:1"
"INFO","http-nio-8080-exec-7","09/02/2016","23:05:53","","responsetime=5 section=home item=changePasswordLbox https= domain=localhost:8080 remote_ip=0:0:0:0:0:0:0:1"
"INFO","http-nio-8080-exec-1","09/02/2016","23:07:50","","responsetime=4 section=home item=rolesDetails https= domain=localhost:8080 remote_ip=0:0:0:0:0:0:0:1"
"INFO","http-nio-8080-exec-8","09/02/2016","23:07:52","","responsetime=5 section=home item=changePasswordLbox https= domain=localhost:8080 remote_ip=0:0:0:0:0:0:0:1"
"INFO","http-nio-8080-exec-10","09/02/2016","23:12:13","","responsetime=6 section=home item=rolesDetails https= domain=localhost:8080 remote_ip=0:0:0:0:0:0:0:1"
"INFO","http-nio-8080-exec-9","09/02/2016","23:13:27","","responsetime=24 section=home item=default https= domain=localhost:8080 remote_ip=0:0:0:0:0:0:0:1"
"INFO","http-nio-8080-exec-5","09/02/2016","23:13:29","","responsetime=4 section=home item=rolesDetails https= domain=localhost:8080 remote_ip=0:0:0:0:0:0:0:1"
"INFO","http-nio-8080-exec-10","09/02/2016","23:13:31","","responsetime=4 section=home item=changePasswordLbox https= domain=localhost:8080 remote_ip=0:0:0:0:0:0:0:1"
"INFO","http-nio-8080-exec-7","09/02/2016","23:13:36","","responsetime=3 section=home item=rolesDetails https= domain=localhost:8080 remote_ip=0:0:0:0:0:0:0:1"
"INFO","http-nio-8080-exec-9","09/02/2016","23:13:39","","responsetime=90 section=home item=addDocumentation https= domain=localhost:8080 remote_ip=0:0:0:0:0:0:0:1"
"INFO","http-nio-8080-exec-5","09/02/2016","23:14:11","","responsetime=4 section=home item=rolesDetails https= domain=localhost:8080 remote_ip=0:0:0:0:0:0:0:1"
"INFO","http-nio-8080-exec-1","09/02/2016","23:14:53","","responsetime=4 section=home item=rolesDetails https= domain=localhost:8080 remote_ip=0:0:0:0:0:0:0:1"
"INFO","http-nio-8080-exec-9","09/02/2016","23:14:59","","responsetime=3 section=home item=rolesDetails https= domain=localhost:8080 remote_ip=0:0:0:0:0:0:0:1"
"INFO","http-nio-8080-exec-1","09/02/2016","23:15:20","","responsetime=5 section=home item=changePasswordLbox https= domain=localhost:8080 remote_ip=0:0:0:0:0:0:0:1"
"INFO","http-nio-8080-exec-2","09/02/2016","23:16:45","","responsetime=3 section=home item=disposalDocumentation https= domain=localhost:8080 remote_ip=0:0:0:0:0:0:0:1"
"INFO","http-nio-8080-exec-10","09/02/2016","23:17:04","","responsetime=5 section=home item=disposalDocumentation https= domain=localhost:8080 remote_ip=0:0:0:0:0:0:0:1"
"INFO","http-nio-8080-exec-1","09/02/2016","23:17:28","","responsetime=29 section=home item=disposalDocumentation https= domain=localhost:8080 remote_ip=0:0:0:0:0:0:0:1"
"INFO","http-nio-8080-exec-2","09/02/2016","23:17:30","","responsetime=3 section=home item=rolesDetails https= domain=localhost:8080 remote_ip=0:0:0:0:0:0:0:1"
"INFO","http-nio-8080-exec-9","09/02/2016","23:17:32","","responsetime=141 section=error item=default https= domain=localhost:8080 remote_ip=0:0:0:0:0:0:0:1"
"INFO","http-nio-8080-exec-6","09/02/2016","23:17:44","","responsetime=7 section=home item=default https= domain=localhost:8080 remote_ip=0:0:0:0:0:0:0:1"
"INFO","http-nio-8080-exec-10","09/02/2016","23:17:46","","responsetime=52 section=home item=locationDetails https= domain=localhost:8080 remote_ip=0:0:0:0:0:0:0:1"
"INFO","http-nio-8080-exec-5","09/02/2016","23:17:48","","responsetime=4 section=home item=rolesDetails https= domain=localhost:8080 remote_ip=0:0:0:0:0:0:0:1"
"INFO","http-nio-8080-exec-9","09/02/2016","23:17:57","","responsetime=33 section=error item=default https= domain=localhost:8080 remote_ip=0:0:0:0:0:0:0:1"
"INFO","http-nio-8080-exec-4","09/02/2016","23:19:12","","responsetime=3 section=home item=rolesDetails https= domain=localhost:8080 remote_ip=0:0:0:0:0:0:0:1"
"INFO","http-nio-8080-exec-10","09/02/2016","23:20:23","","responsetime=3 section=home item=locationDetails https= domain=localhost:8080 remote_ip=0:0:0:0:0:0:0:1"
"INFO","http-nio-8080-exec-7","09/02/2016","23:20:24","","responsetime=3 section=home item=rolesDetails https= domain=localhost:8080 remote_ip=0:0:0:0:0:0:0:1"
"INFO","http-nio-8080-exec-1","09/02/2016","23:20:26","","responsetime=7 section=home item=changePasswordLbox https= domain=localhost:8080 remote_ip=0:0:0:0:0:0:0:1"
"INFO","http-nio-8080-exec-5","09/02/2016","23:23:05","","responsetime=4 section=home item=rolesDetails https= domain=localhost:8080 remote_ip=0:0:0:0:0:0:0:1"
"INFO","http-nio-8080-exec-6","09/02/2016","23:23:06","","responsetime=4 section=home item=changePasswordLbox https= domain=localhost:8080 remote_ip=0:0:0:0:0:0:0:1"
"INFO","http-nio-8080-exec-7","09/02/2016","23:41:43","","responsetime=4 section=home item=rolesDetails https= domain=localhost:8080 remote_ip=0:0:0:0:0:0:0:1"
"INFO","http-nio-8080-exec-2","09/02/2016","23:41:45","","responsetime=7 section=home item=changePasswordLbox https= domain=localhost:8080 remote_ip=0:0:0:0:0:0:0:1"
"INFO","http-nio-8080-exec-3","09/02/2016","23:42:31","","responsetime=115 section=home item=rolesDetails https= domain=localhost:8080 remote_ip=0:0:0:0:0:0:0:1"
"INFO","http-nio-8080-exec-7","09/02/2016","23:42:33","","responsetime=7 section=home item=changePasswordLbox https= domain=localhost:8080 remote_ip=0:0:0:0:0:0:0:1"
"INFO","http-nio-8080-exec-6","09/02/2016","23:45:00","","responsetime=69 section=home item=rolesDetails https= domain=localhost:8080 remote_ip=0:0:0:0:0:0:0:1"
"INFO","http-nio-8080-exec-10","09/02/2016","23:45:04","","responsetime=36 section=home item=changePasswordLbox https= domain=localhost:8080 remote_ip=0:0:0:0:0:0:0:1"
"INFO","http-nio-8080-exec-2","09/03/2016","09:51:01","","responsetime=92 section=home item=rolesDetails https= domain=localhost:8080 remote_ip=0:0:0:0:0:0:0:1"
"INFO","http-nio-8080-exec-10","09/03/2016","09:51:07","","responsetime=3 section=home item=changePasswordLbox https= domain=localhost:8080 remote_ip=0:0:0:0:0:0:0:1"
"INFO","http-nio-8080-exec-7","09/03/2016","10:21:44","","responsetime=5 section=home item=rolesDetails https= domain=localhost:8080 remote_ip=0:0:0:0:0:0:0:1"
"INFO","http-nio-8080-exec-8","09/03/2016","10:23:42","","responsetime=43 section=home item=changePasswordLbox https= domain=localhost:8080 remote_ip=0:0:0:0:0:0:0:1"
"INFO","http-nio-8080-exec-7","09/03/2016","10:25:26","","responsetime=111 section=home item=rolesDetails https= domain=localhost:8080 remote_ip=0:0:0:0:0:0:0:1"
"INFO","http-nio-8080-exec-2","09/03/2016","10:25:28","","responsetime=3 section=home item=changePasswordLbox https= domain=localhost:8080 remote_ip=0:0:0:0:0:0:0:1"
"INFO","http-nio-8080-exec-8","09/03/2016","10:26:07","","responsetime=2 section=home item=rolesDetails https= domain=localhost:8080 remote_ip=0:0:0:0:0:0:0:1"
"INFO","http-nio-8080-exec-7","09/03/2016","10:26:08","","responsetime=5 section=home item=changePasswordLbox https= domain=localhost:8080 remote_ip=0:0:0:0:0:0:0:1"
"INFO","http-nio-8080-exec-4","09/03/2016","10:26:28","","responsetime=18 section=home item=rolesDetails https= domain=localhost:8080 remote_ip=0:0:0:0:0:0:0:1"
"INFO","http-nio-8080-exec-8","09/03/2016","10:26:30","","responsetime=4 section=home item=changePasswordLbox https= domain=localhost:8080 remote_ip=0:0:0:0:0:0:0:1"
"INFO","http-nio-8080-exec-3","09/03/2016","10:26:57","","responsetime=3 section=home item=rolesDetails https= domain=localhost:8080 remote_ip=0:0:0:0:0:0:0:1"
"INFO","http-nio-8080-exec-4","09/03/2016","10:27:13","","responsetime=3 section=home item=rolesDetails https= domain=localhost:8080 remote_ip=0:0:0:0:0:0:0:1"
"INFO","http-nio-8080-exec-8","09/03/2016","10:27:15","","responsetime=5 section=home item=changePasswordLbox https= domain=localhost:8080 remote_ip=0:0:0:0:0:0:0:1"
"INFO","http-nio-8080-exec-9","09/03/2016","10:27:31","","responsetime=23 section=home item=rolesDetails https= domain=localhost:8080 remote_ip=0:0:0:0:0:0:0:1"
"INFO","http-nio-8080-exec-6","09/03/2016","10:27:32","","responsetime=5 section=home item=changePasswordLbox https= domain=localhost:8080 remote_ip=0:0:0:0:0:0:0:1"
"INFO","http-nio-8080-exec-2","09/03/2016","10:28:32","","responsetime=18 section=home item=rolesDetails https= domain=localhost:8080 remote_ip=0:0:0:0:0:0:0:1"
"INFO","http-nio-8080-exec-8","09/03/2016","10:28:33","","responsetime=6 section=home item=changePasswordLbox https= domain=localhost:8080 remote_ip=0:0:0:0:0:0:0:1"
"INFO","http-nio-8080-exec-5","09/03/2016","11:22:35","","responsetime=121 section=home item=rolesDetails https= domain=localhost:8080 remote_ip=0:0:0:0:0:0:0:1"
"INFO","http-nio-8080-exec-2","09/03/2016","11:22:38","","responsetime=46 section=home item=inventoryDetails https= domain=localhost:8080 remote_ip=0:0:0:0:0:0:0:1"
"INFO","http-nio-8080-exec-3","09/03/2016","11:22:44","","responsetime=28 section=home item=siteDetails https= domain=localhost:8080 remote_ip=0:0:0:0:0:0:0:1"
"INFO","http-nio-8080-exec-9","09/03/2016","11:22:46","","responsetime=3 section=home item=rolesDetails https= domain=localhost:8080 remote_ip=0:0:0:0:0:0:0:1"
"INFO","http-nio-8080-exec-6","09/03/2016","11:22:50","","responsetime=48 section=home item=locationDetails https= domain=localhost:8080 remote_ip=0:0:0:0:0:0:0:1"
"INFO","http-nio-8080-exec-5","09/03/2016","11:22:54","","responsetime=3 section=home item=locationDetails https= domain=localhost:8080 remote_ip=0:0:0:0:0:0:0:1"
"INFO","http-nio-8080-exec-4","09/03/2016","11:22:56","","responsetime=3 section=home item=inventoryDetails https= domain=localhost:8080 remote_ip=0:0:0:0:0:0:0:1"
"INFO","http-nio-8080-exec-8","09/05/2016","08:19:00","","responsetime=420 section=home item=default https= domain=localhost:8080 remote_ip=0:0:0:0:0:0:0:1"
"INFO","http-nio-8080-exec-7","09/05/2016","08:20:01","","responsetime=3 section=home item=inventoryDetails https= domain=localhost:8080 remote_ip=0:0:0:0:0:0:0:1"
"INFO","http-nio-8080-exec-9","09/05/2016","08:22:41","","responsetime=371 section=home item=disposalDocumentation https= domain=localhost:8080 remote_ip=0:0:0:0:0:0:0:1"
"INFO","http-nio-8080-exec-2","09/05/2016","08:25:00","","responsetime=3 section=home item=rolesDetails https= domain=localhost:8080 remote_ip=0:0:0:0:0:0:0:1"
"INFO","http-nio-8080-exec-3","09/05/2016","08:27:12","","responsetime=3 section=home item=inventoryDetails https= domain=localhost:8080 remote_ip=0:0:0:0:0:0:0:1"
"INFO","http-nio-8080-exec-8","09/05/2016","08:32:28","","responsetime=240 section=home item=inventoryDetails https= domain=localhost:8080 remote_ip=0:0:0:0:0:0:0:1"
"INFO","http-nio-8080-exec-1","09/05/2016","08:40:08","","responsetime=355 section=home item=default https= domain=localhost:8080 remote_ip=0:0:0:0:0:0:0:1"
"INFO","http-nio-8080-exec-5","09/05/2016","08:40:12","","responsetime=99 section=purchase item=default https= domain=localhost:8080 remote_ip=0:0:0:0:0:0:0:1"
"INFO","http-nio-8080-exec-8","09/05/2016","08:41:09","","responsetime=40 section=purchase item=default https= domain=localhost:8080 remote_ip=0:0:0:0:0:0:0:1"
"INFO","http-nio-8080-exec-1","09/05/2016","08:42:02","","responsetime=392 section=error item=default https= domain=localhost:8080 remote_ip=0:0:0:0:0:0:0:1"
"INFO","http-nio-8080-exec-5","09/05/2016","08:42:14","","responsetime=87 section=purchase item=default https= domain=localhost:8080 remote_ip=0:0:0:0:0:0:0:1"
"INFO","http-nio-8080-exec-5","09/05/2016","08:51:30","","responsetime=35 section=purchase item=default https= domain=localhost:8080 remote_ip=0:0:0:0:0:0:0:1"
"INFO","http-nio-8080-exec-6","09/05/2016","08:51:43","","responsetime=106 section=home item=default https= domain=localhost:8080 remote_ip=0:0:0:0:0:0:0:1"
"INFO","http-nio-8080-exec-3","09/05/2016","08:51:46","","responsetime=5 section=purchase item=default https= domain=localhost:8080 remote_ip=0:0:0:0:0:0:0:1"
"INFO","http-nio-8080-exec-7","09/05/2016","08:52:24","","responsetime=10 section=purchase item=default https= domain=localhost:8080 remote_ip=0:0:0:0:0:0:0:1"
"INFO","http-nio-8080-exec-5","09/05/2016","08:52:45","","responsetime=31 section=purchase item=default https= domain=localhost:8080 remote_ip=0:0:0:0:0:0:0:1"
"INFO","http-nio-8080-exec-3","09/05/2016","08:52:46","","responsetime=62 section=purchase item=equipmentDocumentation https= domain=localhost:8080 remote_ip=0:0:0:0:0:0:0:1"
"INFO","http-nio-8080-exec-7","09/05/2016","08:53:07","","responsetime=33 section=purchase item=equipmentDocumentation https= domain=localhost:8080 remote_ip=0:0:0:0:0:0:0:1"
"INFO","http-nio-8080-exec-7","09/05/2016","08:55:43","","responsetime=27 section=purchase item=equipmentDocumentation https= domain=localhost:8080 remote_ip=0:0:0:0:0:0:0:1"
"INFO","http-nio-8080-exec-5","09/05/2016","08:55:45","","responsetime=54 section=purchase item=equipmentMultipleEntry https= domain=localhost:8080 remote_ip=0:0:0:0:0:0:0:1"
"INFO","http-nio-8080-exec-10","09/05/2016","08:57:35","","responsetime=28 section=purchase item=equipmentMultipleEntry https= domain=localhost:8080 remote_ip=0:0:0:0:0:0:0:1"
"INFO","http-nio-8080-exec-10","09/05/2016","08:59:28","","responsetime=28 section=purchase item=equipmentMultipleEntry https= domain=localhost:8080 remote_ip=0:0:0:0:0:0:0:1"
"INFO","http-nio-8080-exec-6","09/05/2016","08:59:31","","responsetime=28 section=purchase item=purchaseRequests https= domain=localhost:8080 remote_ip=0:0:0:0:0:0:0:1"
"INFO","http-nio-8080-exec-10","09/05/2016","08:59:45","","responsetime=18 section=purchase item=purchaseRequests https= domain=localhost:8080 remote_ip=0:0:0:0:0:0:0:1"
"INFO","http-nio-8080-exec-6","09/05/2016","09:02:54","","responsetime=27 section=purchase item=purchaseRequests https= domain=localhost:8080 remote_ip=0:0:0:0:0:0:0:1"
"INFO","http-nio-8080-exec-2","09/05/2016","09:02:56","","responsetime=8 section=purchase item=addCatalog https= domain=localhost:8080 remote_ip=0:0:0:0:0:0:0:1"
"INFO","http-nio-8080-exec-6","09/05/2016","09:03:08","","responsetime=16 section=purchase item=default https= domain=localhost:8080 remote_ip=0:0:0:0:0:0:0:1"
"INFO","http-nio-8080-exec-7","09/05/2016","09:03:11","","responsetime=12 section=purchase item=equipmentDocumentation https= domain=localhost:8080 remote_ip=0:0:0:0:0:0:0:1"
"INFO","http-nio-8080-exec-8","09/05/2016","09:03:12","","responsetime=4 section=purchase item=default https= domain=localhost:8080 remote_ip=0:0:0:0:0:0:0:1"
"INFO","http-nio-8080-exec-1","09/05/2016","09:03:13","","responsetime=3 section=purchase item=equipmentDocumentation https= domain=localhost:8080 remote_ip=0:0:0:0:0:0:0:1"
"INFO","http-nio-8080-exec-10","09/05/2016","09:03:14","","responsetime=5 section=purchase item=equipmentMultipleEntry https= domain=localhost:8080 remote_ip=0:0:0:0:0:0:0:1"
"INFO","http-nio-8080-exec-4","09/05/2016","09:03:18","","responsetime=4 section=purchase item=equipmentDocumentation https= domain=localhost:8080 remote_ip=0:0:0:0:0:0:0:1"
"INFO","http-nio-8080-exec-3","09/05/2016","09:03:23","","responsetime=3 section=purchase item=equipmentMultipleEntry https= domain=localhost:8080 remote_ip=0:0:0:0:0:0:0:1"
"INFO","http-nio-8080-exec-6","09/05/2016","09:03:23","","responsetime=2 section=purchase item=equipmentMultipleEntry https= domain=localhost:8080 remote_ip=0:0:0:0:0:0:0:1"
"INFO","http-nio-8080-exec-7","09/05/2016","09:03:25","","responsetime=11 section=purchase item=purchaseRequests https= domain=localhost:8080 remote_ip=0:0:0:0:0:0:0:1"
"INFO","http-nio-8080-exec-1","09/05/2016","09:03:26","","responsetime=4 section=purchase item=addCatalog https= domain=localhost:8080 remote_ip=0:0:0:0:0:0:0:1"
"INFO","http-nio-8080-exec-10","09/05/2016","09:03:28","","responsetime=3 section=purchase item=default https= domain=localhost:8080 remote_ip=0:0:0:0:0:0:0:1"
"INFO","http-nio-8080-exec-5","09/05/2016","11:10:58","","responsetime=71 section=purchase item=equipmentDocumentation https= domain=localhost:8080 remote_ip=0:0:0:0:0:0:0:1"
"INFO","http-nio-8080-exec-2","09/05/2016","11:11:00","","responsetime=73 section=purchase item=equipmentMultipleEntry https= domain=localhost:8080 remote_ip=0:0:0:0:0:0:0:1"
"INFO","http-nio-8080-exec-4","09/05/2016","11:11:01","","responsetime=29 section=purchase item=purchaseRequests https= domain=localhost:8080 remote_ip=0:0:0:0:0:0:0:1"
"INFO","http-nio-8080-exec-6","09/05/2016","11:11:02","","responsetime=44 section=purchase item=addCatalog https= domain=localhost:8080 remote_ip=0:0:0:0:0:0:0:1"
"INFO","http-nio-8080-exec-7","09/05/2016","11:11:05","","responsetime=71 section=home item=default https= domain=localhost:8080 remote_ip=0:0:0:0:0:0:0:1"
"INFO","http-nio-8080-exec-8","09/05/2016","11:11:09","","responsetime=68 section=home item=inventoryDetails https= domain=localhost:8080 remote_ip=0:0:0:0:0:0:0:1"
"INFO","http-nio-8080-exec-1","09/05/2016","11:11:10","","responsetime=52 section=home item=siteDetails https= domain=localhost:8080 remote_ip=0:0:0:0:0:0:0:1"
"INFO","http-nio-8080-exec-5","09/05/2016","11:11:14","","responsetime=19 section=home item=locationDetails https= domain=localhost:8080 remote_ip=0:0:0:0:0:0:0:1"
"INFO","http-nio-8080-exec-4","09/05/2016","11:11:15","","responsetime=22 section=home item=contractorDocumentation https= domain=localhost:8080 remote_ip=0:0:0:0:0:0:0:1"
"INFO","http-nio-8080-exec-6","09/05/2016","11:11:17","","responsetime=81 section=home item=inventoryDocumentation https= domain=localhost:8080 remote_ip=0:0:0:0:0:0:0:1"
"INFO","http-nio-8080-exec-8","09/05/2016","11:11:19","","responsetime=19 section=home item=disposalDocumentation https= domain=localhost:8080 remote_ip=0:0:0:0:0:0:0:1"
